Lmod has detected the following error: The following module(s) are unknown:
"Python/3.12.3-GCCcore-13.2.0"

Please check the spelling or version number. Also try "module spider ..."
It is also possible your cache file is out-of-date; it may help to try:
  $ module --ignore_cache load "Python/3.12.3-GCCcore-13.2.0"

Also make sure that all modulefiles written in TCL start with the string
#%Module



Config 9/53:
  firing_count=25 (frac=0.05)
  leak_rate=1.0, reset_potential=0.0
  k_prop=0.0200
  decay_alpha=0.0005, oja_alpha=0.002
  n_samples=3000, steps=8000, warmup=1000

Running 3000 samples with 128 workers...
  [7/3000] lr=fr=0.084235
  [1/3000] lr=fr=0.035109
  [13/3000] lr=fr=0.099558
  [19/3000] lr=fr=0.026782
  [25/3000] lr=fr=0.079666
  [31/3000] lr=fr=0.013632
  [37/3000] lr=fr=0.065036
  [43/3000] lr=fr=0.011655
  [49/3000] lr=fr=0.091065
  [55/3000] lr=fr=0.081173
  [61/3000] lr=fr=0.096834
  [67/3000] lr=fr=0.030219
  [73/3000] lr=fr=0.006475
  [79/3000] lr=fr=0.005121
  [91/3000] lr=fr=0.061288
  [85/3000] lr=fr=0.054865
  [97/3000] lr=fr=0.017223
  [103/3000] lr=fr=0.086094
  [109/3000] lr=fr=0.074103
  [115/3000] lr=fr=0.034101
  [121/3000] lr=fr=0.013700
  [127/3000] lr=fr=0.087642
  [133/3000] lr=fr=0.064183
  [139/3000] lr=fr=0.033242
  [145/3000] lr=fr=0.048753
  [151/3000] lr=fr=0.017919
  [157/3000] lr=fr=0.080426
  [163/3000] lr=fr=0.076390
  [169/3000] lr=fr=0.048525
  [175/3000] lr=fr=0.029053
  [181/3000] lr=fr=0.030930
  [187/3000] lr=fr=0.012566
  [193/3000] lr=fr=0.080130
  [199/3000] lr=fr=0.040247
  [205/3000] lr=fr=0.014734
  [211/3000] lr=fr=0.031100
  [217/3000] lr=fr=0.077680
  [223/3000] lr=fr=0.060752
  [229/3000] lr=fr=0.081944
  [235/3000] lr=fr=0.025346
  [241/3000] lr=fr=0.050608
  [247/3000] lr=fr=0.060650
  [253/3000] lr=fr=0.046457
  [259/3000] lr=fr=0.014457
  [265/3000] lr=fr=0.031826
  [271/3000] lr=fr=0.033291
  [277/3000] lr=fr=0.073491
  [283/3000] lr=fr=0.040738
  [289/3000] lr=fr=0.082947
  [295/3000] lr=fr=0.026937
  [301/3000] lr=fr=0.073101
  [307/3000] lr=fr=0.076120
  [313/3000] lr=fr=0.059943
  [319/3000] lr=fr=0.087356
  [325/3000] lr=fr=0.049253
  [331/3000] lr=fr=0.087964
  [337/3000] lr=fr=0.037461
  [343/3000] lr=fr=0.068159
  [349/3000] lr=fr=0.070834
  [355/3000] lr=fr=0.037137
  [361/3000] lr=fr=0.099137
  [367/3000] lr=fr=0.000265
  [373/3000] lr=fr=0.057903
  [379/3000] lr=fr=0.000163
  [385/3000] lr=fr=0.018439
  [391/3000] lr=fr=0.025032
  [397/3000] lr=fr=0.089593
  [403/3000] lr=fr=0.023993
  [409/3000] lr=fr=0.035746
  [415/3000] lr=fr=0.004346
  [421/3000] lr=fr=0.004846
  [427/3000] lr=fr=0.084742
  [433/3000] lr=fr=0.015014
  [439/3000] lr=fr=0.005681
  [445/3000] lr=fr=0.074055
  [451/3000] lr=fr=0.069743
  [457/3000] lr=fr=0.025122
  [463/3000] lr=fr=0.093705
  [469/3000] lr=fr=0.050999
  [475/3000] lr=fr=0.013262
  [481/3000] lr=fr=0.031399
  [487/3000] lr=fr=0.001487
  [493/3000] lr=fr=0.023290
  [499/3000] lr=fr=0.079961
  [505/3000] lr=fr=0.039088
  [511/3000] lr=fr=0.001704
  [517/3000] lr=fr=0.090926
  [523/3000] lr=fr=0.018178
  [529/3000] lr=fr=0.035847
  [535/3000] lr=fr=0.024914
  [541/3000] lr=fr=0.020853
  [547/3000] lr=fr=0.081005
  [553/3000] lr=fr=0.080142
  [559/3000] lr=fr=0.009550
  [571/3000] lr=fr=0.059654
  [565/3000] lr=fr=0.072374
  [577/3000] lr=fr=0.063946
  [583/3000] lr=fr=0.080641
  [589/3000] lr=fr=0.016061
  [595/3000] lr=fr=0.063113
  [601/3000] lr=fr=0.012211
  [607/3000] lr=fr=0.051277
  [613/3000] lr=fr=0.097675
  [619/3000] lr=fr=0.031447
  [625/3000] lr=fr=0.059113
  [631/3000] lr=fr=0.038188
  [637/3000] lr=fr=0.062830
  [643/3000] lr=fr=0.015658
  [649/3000] lr=fr=0.095084
  [655/3000] lr=fr=0.063301
  [661/3000] lr=fr=0.027855
  [667/3000] lr=fr=0.023565
  [673/3000] lr=fr=0.094715
  [679/3000] lr=fr=0.077148
  [685/3000] lr=fr=0.017630
  [691/3000] lr=fr=0.020481
  [697/3000] lr=fr=0.075141
  [703/3000] lr=fr=0.021999
  [709/3000] lr=fr=0.050225
  [715/3000] lr=fr=0.094241
  [721/3000] lr=fr=0.021270
  [727/3000] lr=fr=0.044953
  [733/3000] lr=fr=0.075984
  [739/3000] lr=fr=0.001568
  [745/3000] lr=fr=0.028626
  [751/3000] lr=fr=0.053267
  [757/3000] lr=fr=0.069016
  [763/3000] lr=fr=0.058159
  [578/3000] lr=fr=0.009092
  [158/3000] lr=fr=0.014049
  [188/3000] lr=fr=0.073382
  [608/3000] lr=fr=0.002757
  [164/3000] lr=fr=0.032359
  [386/3000] lr=fr=0.072172
  [284/3000] lr=fr=0.038445
  [140/3000] lr=fr=0.080480
  [170/3000] lr=fr=0.017073
  [572/3000] lr=fr=0.086643
  [290/3000] lr=fr=0.025828
  [500/3000] lr=fr=0.099093
  [146/3000] lr=fr=0.047242
  [134/3000] lr=fr=0.089535
  [272/3000] lr=fr=0.053199
  [470/3000] lr=fr=0.073119
  [476/3000] lr=fr=0.028926
  [362/3000] lr=fr=0.011567
  [338/3000] lr=fr=0.082232
  [494/3000] lr=fr=0.096874
  [530/3000] lr=fr=0.037813
  [674/3000] lr=fr=0.097384
  [722/3000] lr=fr=0.021863
  [554/3000] lr=fr=0.017495
  [614/3000] lr=fr=0.065733
  [446/3000] lr=fr=0.071230
  [452/3000] lr=fr=0.072068
  [482/3000] lr=fr=0.058800
  [356/3000] lr=fr=0.066157
  [566/3000] lr=fr=0.020535
  [344/3000] lr=fr=0.018659
  [218/3000] lr=fr=0.036491
  [104/3000] lr=fr=0.017081
  [542/3000] lr=fr=0.010030
  [254/3000] lr=fr=0.004141
  [536/3000] lr=fr=0.022543
  [224/3000] lr=fr=0.043641
  [368/3000] lr=fr=0.066066
  [242/3000] lr=fr=0.006687
  [236/3000] lr=fr=0.077051
  [92/3000] lr=fr=0.067795
  [230/3000] lr=fr=0.096714
  [638/3000] lr=fr=0.074326
  [128/3000] lr=fr=0.002422
  [380/3000] lr=fr=0.057080
  [266/3000] lr=fr=0.057206
  [656/3000] lr=fr=0.066954
  [74/3000] lr=fr=0.016605
  [458/3000] lr=fr=0.067746
  [260/3000] lr=fr=0.007406
  [428/3000] lr=fr=0.097846
  [692/3000] lr=fr=0.064473
  [764/3000] lr=fr=0.072453
  [68/3000] lr=fr=0.050702
  [596/3000] lr=fr=0.083820
  [506/3000] lr=fr=0.013587
  [710/3000] lr=fr=0.045191
  [752/3000] lr=fr=0.015106
  [632/3000] lr=fr=0.080545
  [296/3000] lr=fr=0.056888
  [512/3000] lr=fr=0.077895
  [758/3000] lr=fr=0.075398
  [746/3000] lr=fr=0.046054
  [662/3000] lr=fr=0.012139
  [110/3000] lr=fr=0.059977
  [728/3000] lr=fr=0.022860
  [686/3000] lr=fr=0.069214
  [590/3000] lr=fr=0.063026
  [740/3000] lr=fr=0.093907
  [524/3000] lr=fr=0.078393
  [704/3000] lr=fr=0.047118
  [152/3000] lr=fr=0.036670
  [2/3000] lr=fr=0.088871
  [416/3000] lr=fr=0.097604
  [620/3000] lr=fr=0.002723
  [680/3000] lr=fr=0.084570
  [32/3000] lr=fr=0.024020
  [668/3000] lr=fr=0.088610
  [488/3000] lr=fr=0.061887
  [80/3000] lr=fr=0.083074
  [602/3000] lr=fr=0.033473
  [122/3000] lr=fr=0.037885
  [14/3000] lr=fr=0.015611
  [248/3000] lr=fr=0.036063
  [350/3000] lr=fr=0.013364
  [194/3000] lr=fr=0.012920
  [464/3000] lr=fr=0.013378
  [302/3000] lr=fr=0.006157
  [716/3000] lr=fr=0.076744
  [440/3000] lr=fr=0.076222
  [548/3000] lr=fr=0.093669
  [644/3000] lr=fr=0.006625
  [176/3000] lr=fr=0.042266
  [320/3000] lr=fr=0.084422
  [326/3000] lr=fr=0.080619
  [308/3000] lr=fr=0.090586
  [98/3000] lr=fr=0.015246
  [734/3000] lr=fr=0.047976
  [62/3000] lr=fr=0.084704
  [332/3000] lr=fr=0.048255
  [50/3000] lr=fr=0.069386
  [650/3000] lr=fr=0.003726
  [584/3000] lr=fr=0.032900
  [314/3000] lr=fr=0.048047
  [200/3000] lr=fr=0.033905
  [374/3000] lr=fr=0.060432
  [56/3000] lr=fr=0.091182
  [560/3000] lr=fr=0.091705
  [116/3000] lr=fr=0.095176
  [626/3000] lr=fr=0.081458
  [206/3000] lr=fr=0.073162
  [278/3000] lr=fr=0.010786
  [212/3000] lr=fr=0.076873
  [8/3000] lr=fr=0.051146
  [518/3000] lr=fr=0.022699
  [20/3000] lr=fr=0.065553
  [404/3000] lr=fr=0.044761
  [698/3000] lr=fr=0.060616
  [26/3000] lr=fr=0.029588
  [44/3000] lr=fr=0.039235
  [398/3000] lr=fr=0.005540
  [38/3000] lr=fr=0.036777
  [86/3000] lr=fr=0.021494
  [434/3000] lr=fr=0.072565
  [182/3000] lr=fr=0.083664
  [410/3000] lr=fr=0.040433
  [392/3000] lr=fr=0.014659
  [422/3000] lr=fr=0.027751
  [453/3000] lr=fr=0.094792
  [285/3000] lr=fr=0.002685
  [579/3000] lr=fr=0.097150
  [609/3000] lr=fr=0.085382
  [159/3000] lr=fr=0.086836
  [141/3000] lr=fr=0.064215
  [387/3000] lr=fr=0.014517
  [189/3000] lr=fr=0.051919
  [165/3000] lr=fr=0.003102
  [501/3000] lr=fr=0.083420
  [573/3000] lr=fr=0.075817
  [273/3000] lr=fr=0.066449
  [135/3000] lr=fr=0.029381
  [147/3000] lr=fr=0.088832
  [723/3000] lr=fr=0.033048
  [171/3000] lr=fr=0.029625
  [291/3000] lr=fr=0.059336
  [615/3000] lr=fr=0.093449
  [681/3000] lr=fr=0.059776
  [471/3000] lr=fr=0.088158
  [477/3000] lr=fr=0.082316
  [447/3000] lr=fr=0.087237
  [651/3000] lr=fr=0.096440
  [363/3000] lr=fr=0.017113
  [339/3000] lr=fr=0.008470
  [495/3000] lr=fr=0.014307
  [627/3000] lr=fr=0.097906
  [483/3000] lr=fr=0.038532
  [675/3000] lr=fr=0.085277
  [531/3000] lr=fr=0.047233
  [657/3000] lr=fr=0.090336
  [345/3000] lr=fr=0.064427
  [357/3000] lr=fr=0.009276
  [537/3000] lr=fr=0.081322
  [555/3000] lr=fr=0.004314
  [567/3000] lr=fr=0.088354
  [543/3000] lr=fr=0.076656
  [255/3000] lr=fr=0.064262
  [225/3000] lr=fr=0.037847
  [105/3000] lr=fr=0.092972
  [219/3000] lr=fr=0.044046
  [231/3000] lr=fr=0.056760
  [243/3000] lr=fr=0.022912
  [93/3000] lr=fr=0.056335
  [639/3000] lr=fr=0.060818
  [381/3000] lr=fr=0.071682
  [369/3000] lr=fr=0.055354
  [267/3000] lr=fr=0.059464
  [75/3000] lr=fr=0.029187
  [129/3000] lr=fr=0.058310
  [69/3000] lr=fr=0.017040
  [597/3000] lr=fr=0.098185
  [459/3000] lr=fr=0.023089
  [261/3000] lr=fr=0.061079
  [693/3000] lr=fr=0.003679
  [525/3000] lr=fr=0.027361
  [321/3000] lr=fr=0.051598
  [633/3000] lr=fr=0.050462
  [621/3000] lr=fr=0.068596
  [15/3000] lr=fr=0.074688
  [213/3000] lr=fr=0.039145
  [591/3000] lr=fr=0.035347
  [429/3000] lr=fr=0.063196
  [759/3000] lr=fr=0.096573
  [441/3000] lr=fr=0.063261
  [249/3000] lr=fr=0.013501
  [765/3000] lr=fr=0.087113
  [753/3000] lr=fr=0.014040
  [3/3000] lr=fr=0.073507
  [111/3000] lr=fr=0.016840
  [57/3000] lr=fr=0.054573
  [123/3000] lr=fr=0.012085
  [465/3000] lr=fr=0.059293
  [417/3000] lr=fr=0.015552
  [645/3000] lr=fr=0.019701
  [489/3000] lr=fr=0.064961
  [741/3000] lr=fr=0.031598
  [81/3000] lr=fr=0.094998
  [153/3000] lr=fr=0.074707
  [747/3000] lr=fr=0.057063
  [513/3000] lr=fr=0.048486
  [237/3000] lr=fr=0.095364
  [99/3000] lr=fr=0.052091
  [51/3000] lr=fr=0.020691
  [603/3000] lr=fr=0.092202
  [711/3000] lr=fr=0.084612
  [687/3000] lr=fr=0.026074
  [507/3000] lr=fr=0.080762
  [315/3000] lr=fr=0.085414
  [663/3000] lr=fr=0.011818
  [207/3000] lr=fr=0.096352
  [33/3000] lr=fr=0.056502
  [195/3000] lr=fr=0.099329
  [177/3000] lr=fr=0.024952
  [63/3000] lr=fr=0.003855
  [729/3000] lr=fr=0.006121
  [351/3000] lr=fr=0.039976
  [297/3000] lr=fr=0.003551
  [669/3000] lr=fr=0.050249
  [705/3000] lr=fr=0.046506
  [309/3000] lr=fr=0.060603
  [717/3000] lr=fr=0.018115
  [393/3000] lr=fr=0.071404
  [549/3000] lr=fr=0.024818
  [303/3000] lr=fr=0.085768
  [333/3000] lr=fr=0.076044
  [585/3000] lr=fr=0.062022
  [735/3000] lr=fr=0.015902
  [327/3000] lr=fr=0.045921
  [561/3000] lr=fr=0.094149
  [117/3000] lr=fr=0.009591
  [375/3000] lr=fr=0.052920
  [201/3000] lr=fr=0.032015
  [279/3000] lr=fr=0.079997
  [21/3000] lr=fr=0.008970
  [9/3000] lr=fr=0.090229
  [405/3000] lr=fr=0.074302
  [399/3000] lr=fr=0.082889
  [411/3000] lr=fr=0.032104
  [519/3000] lr=fr=0.074082
  [423/3000] lr=fr=0.096545
  [27/3000] lr=fr=0.068365
  [45/3000] lr=fr=0.008552
  [699/3000] lr=fr=0.012524
  [435/3000] lr=fr=0.075800
  [39/3000] lr=fr=0.098644
  [183/3000] lr=fr=0.009058
  [87/3000] lr=fr=0.003363
  [454/3000] lr=fr=0.058926
  [286/3000] lr=fr=0.017375
  [682/3000] lr=fr=0.077198
  [580/3000] lr=fr=0.091298
  [502/3000] lr=fr=0.047171
  [610/3000] lr=fr=0.004517
  [160/3000] lr=fr=0.072689
  [142/3000] lr=fr=0.057196
  [448/3000] lr=fr=0.048232
  [388/3000] lr=fr=0.090550
  [190/3000] lr=fr=0.078362
  [472/3000] lr=fr=0.080402
  [166/3000] lr=fr=0.082551
  [136/3000] lr=fr=0.023887
  [658/3000] lr=fr=0.078762
  [478/3000] lr=fr=0.023148
  [148/3000] lr=fr=0.065876
  [574/3000] lr=fr=0.086385
  [292/3000] lr=fr=0.070406
  [274/3000] lr=fr=0.073921
  [64/3000] lr=fr=0.005196
  [340/3000] lr=fr=0.032194
  [616/3000] lr=fr=0.002197
  [16/3000] lr=fr=0.050069
  [496/3000] lr=fr=0.017794
  [172/3000] lr=fr=0.010478
  [724/3000] lr=fr=0.051812
  [640/3000] lr=fr=0.085027
  [628/3000] lr=fr=0.095520
  [652/3000] lr=fr=0.042217
  [322/3000] lr=fr=0.096683
  [484/3000] lr=fr=0.079309
  [568/3000] lr=fr=0.099372
  [52/3000] lr=fr=0.093760
  [358/3000] lr=fr=0.054380
  [364/3000] lr=fr=0.012968
  [226/3000] lr=fr=0.090709
  [676/3000] lr=fr=0.068398
  [106/3000] lr=fr=0.042809
  [58/3000] lr=fr=0.085113
  [466/3000] lr=fr=0.028897
  [208/3000] lr=fr=0.027172
  [256/3000] lr=fr=0.005013
  [442/3000] lr=fr=0.062396
  [646/3000] lr=fr=0.056601
  [532/3000] lr=fr=0.009891
  [538/3000] lr=fr=0.050149
  [346/3000] lr=fr=0.006843
  [544/3000] lr=fr=0.042760
  [370/3000] lr=fr=0.044660
  [556/3000] lr=fr=0.092255
  [220/3000] lr=fr=0.025531
  [238/3000] lr=fr=0.043953
  [394/3000] lr=fr=0.005169
  [250/3000] lr=fr=0.021918
  [232/3000] lr=fr=0.039688
  [268/3000] lr=fr=0.035260
  [244/3000] lr=fr=0.038568
  [598/3000] lr=fr=0.079766
  [100/3000] lr=fr=0.089693
  [178/3000] lr=fr=0.002885
  [316/3000] lr=fr=0.098784
  [430/3000] lr=fr=0.079794
  [70/3000] lr=fr=0.015334
  [382/3000] lr=fr=0.006002
  [94/3000] lr=fr=0.057781
  [766/3000] lr=fr=0.041553
  [694/3000] lr=fr=0.001102
  [76/3000] lr=fr=0.035323
  [214/3000] lr=fr=0.055597
  [262/3000] lr=fr=0.017157
  [130/3000] lr=fr=0.069582
  [460/3000] lr=fr=0.023070
  [634/3000] lr=fr=0.069003
  [592/3000] lr=fr=0.044540
  [418/3000] lr=fr=0.064809
  [526/3000] lr=fr=0.034932
  [760/3000] lr=fr=0.004230
  [754/3000] lr=fr=0.020593
  [622/3000] lr=fr=0.080270
  [82/3000] lr=fr=0.085199
  [4/3000] lr=fr=0.088091
  [352/3000] lr=fr=0.056775
  [124/3000] lr=fr=0.008345
  [490/3000] lr=fr=0.048842
  [604/3000] lr=fr=0.065310
  [112/3000] lr=fr=0.071275
  [310/3000] lr=fr=0.011146
  [154/3000] lr=fr=0.049211
  [196/3000] lr=fr=0.027970
  [34/3000] lr=fr=0.001023
  [550/3000] lr=fr=0.013848
  [712/3000] lr=fr=0.011974
  [748/3000] lr=fr=0.089908
  [688/3000] lr=fr=0.080950
  [304/3000] lr=fr=0.062077
  [730/3000] lr=fr=0.082531
  [664/3000] lr=fr=0.026495
  [334/3000] lr=fr=0.047402
  [742/3000] lr=fr=0.040474
  [514/3000] lr=fr=0.088405
  [508/3000] lr=fr=0.077222
  [670/3000] lr=fr=0.007256
  [706/3000] lr=fr=0.042937
  [298/3000] lr=fr=0.087069
  [718/3000] lr=fr=0.062994
  [736/3000] lr=fr=0.037207
  [562/3000] lr=fr=0.098085
  [280/3000] lr=fr=0.093561
  [376/3000] lr=fr=0.018472
  [328/3000] lr=fr=0.055535
  [586/3000] lr=fr=0.078867
  [202/3000] lr=fr=0.062905
  [118/3000] lr=fr=0.022427
  [10/3000] lr=fr=0.036727
  [406/3000] lr=fr=0.037651
  [22/3000] lr=fr=0.019394
  [400/3000] lr=fr=0.057008
  [424/3000] lr=fr=0.020075
  [520/3000] lr=fr=0.019563
  [184/3000] lr=fr=0.016261
  [28/3000] lr=fr=0.095748
  [412/3000] lr=fr=0.021780
  [40/3000] lr=fr=0.059702
  [46/3000] lr=fr=0.000484
  [436/3000] lr=fr=0.027892
  [88/3000] lr=fr=0.035925
  [700/3000] lr=fr=0.081580
  [683/3000] lr=fr=0.075910
  [287/3000] lr=fr=0.036005
  [503/3000] lr=fr=0.077517
  [455/3000] lr=fr=0.060381
  [581/3000] lr=fr=0.013571
  [143/3000] lr=fr=0.063911
  [611/3000] lr=fr=0.080598
  [161/3000] lr=fr=0.097733
  [449/3000] lr=fr=0.025074
  [473/3000] lr=fr=0.060337
  [641/3000] lr=fr=0.099105
  [65/3000] lr=fr=0.092077
  [659/3000] lr=fr=0.030951
  [167/3000] lr=fr=0.008942
  [17/3000] lr=fr=0.099769
  [191/3000] lr=fr=0.099587
  [767/3000] lr=fr=0.054885
  [389/3000] lr=fr=0.070658
  [479/3000] lr=fr=0.054608
  [149/3000] lr=fr=0.069787
  [239/3000] lr=fr=0.008167
  [323/3000] lr=fr=0.085637
  [617/3000] lr=fr=0.043977
  [53/3000] lr=fr=0.084657
  [227/3000] lr=fr=0.055743
  [137/3000] lr=fr=0.059582
  [341/3000] lr=fr=0.042402
  [59/3000] lr=fr=0.095838
  [497/3000] lr=fr=0.070350
  [485/3000] lr=fr=0.076988
  [107/3000] lr=fr=0.032805
  [275/3000] lr=fr=0.067242
  [677/3000] lr=fr=0.026853
  [293/3000] lr=fr=0.030658
  [575/3000] lr=fr=0.092059
  [569/3000] lr=fr=0.027514
  [431/3000] lr=fr=0.073344
  [647/3000] lr=fr=0.081979
  [395/3000] lr=fr=0.021420
  [173/3000] lr=fr=0.085897
  [365/3000] lr=fr=0.099899
  [725/3000] lr=fr=0.032758
  [443/3000] lr=fr=0.060360
  [599/3000] lr=fr=0.016762
  [467/3000] lr=fr=0.062765
  [545/3000] lr=fr=0.069937
  [251/3000] lr=fr=0.083546
  [101/3000] lr=fr=0.001263
  [209/3000] lr=fr=0.026961
  [371/3000] lr=fr=0.022183
  [653/3000] lr=fr=0.078042
  [359/3000] lr=fr=0.007517
  [317/3000] lr=fr=0.026996
  [629/3000] lr=fr=0.073611
  [539/3000] lr=fr=0.013904
  [533/3000] lr=fr=0.041351
  [179/3000] lr=fr=0.035047
  [257/3000] lr=fr=0.096059
  [557/3000] lr=fr=0.012790
  [197/3000] lr=fr=0.029986
  [269/3000] lr=fr=0.070691
  [347/3000] lr=fr=0.025201
  [71/3000] lr=fr=0.042503
  [221/3000] lr=fr=0.095567
  [215/3000] lr=fr=0.052829
  [95/3000] lr=fr=0.028261
  [233/3000] lr=fr=0.049650
  [245/3000] lr=fr=0.024508
  [263/3000] lr=fr=0.003782
  [593/3000] lr=fr=0.059884
  [755/3000] lr=fr=0.017651
  [311/3000] lr=fr=0.045117
  [353/3000] lr=fr=0.050651
  [131/3000] lr=fr=0.071745
  [695/3000] lr=fr=0.079719
  [77/3000] lr=fr=0.075086
  [635/3000] lr=fr=0.061224
  [383/3000] lr=fr=0.085700
  [419/3000] lr=fr=0.082932
  [461/3000] lr=fr=0.028678
  [551/3000] lr=fr=0.007897
  [623/3000] lr=fr=0.047023
  [113/3000] lr=fr=0.088846
  [83/3000] lr=fr=0.085710
  [731/3000] lr=fr=0.030702
  [761/3000] lr=fr=0.073569
  [125/3000] lr=fr=0.080171
  [155/3000] lr=fr=0.021220
  [527/3000] lr=fr=0.044857
  [5/3000] lr=fr=0.010910
  [491/3000] lr=fr=0.032057
  [605/3000] lr=fr=0.009514
  [11/3000] lr=fr=0.022255
  [407/3000] lr=fr=0.098354
  [689/3000] lr=fr=0.083691
  [515/3000] lr=fr=0.086673
  [671/3000] lr=fr=0.046110
  [749/3000] lr=fr=0.016166
  [305/3000] lr=fr=0.036226
  [35/3000] lr=fr=0.062345
  [737/3000] lr=fr=0.027991
  [713/3000] lr=fr=0.078431
  [335/3000] lr=fr=0.079128
  [743/3000] lr=fr=0.099225
  [509/3000] lr=fr=0.046898
  [665/3000] lr=fr=0.023623
  [299/3000] lr=fr=0.010659
  [707/3000] lr=fr=0.097218
  [563/3000] lr=fr=0.002375
  [719/3000] lr=fr=0.035075
  [329/3000] lr=fr=0.093937
  [587/3000] lr=fr=0.016541
  [281/3000] lr=fr=0.004737
  [203/3000] lr=fr=0.050018
  [119/3000] lr=fr=0.098318
  [377/3000] lr=fr=0.061344
  [23/3000] lr=fr=0.008249
  [684/3000] lr=fr=0.016898
  [401/3000] lr=fr=0.062229
  [521/3000] lr=fr=0.056211
  [41/3000] lr=fr=0.047531
  [413/3000] lr=fr=0.028290
  [504/3000] lr=fr=0.027435
  [29/3000] lr=fr=0.009352
  [425/3000] lr=fr=0.000222
  [185/3000] lr=fr=0.067096
  [701/3000] lr=fr=0.037074
  [288/3000] lr=fr=0.027455
  [437/3000] lr=fr=0.081082
  [89/3000] lr=fr=0.062420
  [47/3000] lr=fr=0.036862
  [456/3000] lr=fr=0.075038
  [582/3000] lr=fr=0.079428
  [450/3000] lr=fr=0.039624
  [162/3000] lr=fr=0.029716
  [474/3000] lr=fr=0.092141
  [612/3000] lr=fr=0.053939
  [642/3000] lr=fr=0.021064
  [144/3000] lr=fr=0.048185
  [18/3000] lr=fr=0.064403
  [660/3000] lr=fr=0.002236
  [192/3000] lr=fr=0.004098
  [66/3000] lr=fr=0.010824
  [480/3000] lr=fr=0.056540
  [228/3000] lr=fr=0.013231
  [168/3000] lr=fr=0.058137
  [324/3000] lr=fr=0.042166
  [768/3000] lr=fr=0.093869
  [240/3000] lr=fr=0.052276
  [54/3000] lr=fr=0.002478
  [108/3000] lr=fr=0.020244
  [390/3000] lr=fr=0.079529
  [756/3000] lr=fr=0.053621
  [600/3000] lr=fr=0.080217
  [342/3000] lr=fr=0.052228
  [150/3000] lr=fr=0.028944
  [60/3000] lr=fr=0.049715
  [72/3000] lr=fr=0.049992
  [486/3000] lr=fr=0.043027
  [618/3000] lr=fr=0.087993
  [498/3000] lr=fr=0.097425
  [594/3000] lr=fr=0.056936
  [570/3000] lr=fr=0.059531
  [396/3000] lr=fr=0.048988
  [252/3000] lr=fr=0.018945
  [648/3000] lr=fr=0.070044
  [444/3000] lr=fr=0.019857
  [468/3000] lr=fr=0.010711
  [138/3000] lr=fr=0.069494
  [432/3000] lr=fr=0.002860
  [198/3000] lr=fr=0.087294
  [546/3000] lr=fr=0.062196
  [318/3000] lr=fr=0.027070
  [372/3000] lr=fr=0.030325
  [102/3000] lr=fr=0.017317
  [210/3000] lr=fr=0.007927
  [678/3000] lr=fr=0.077284
  [366/3000] lr=fr=0.033779
  [576/3000] lr=fr=0.025145
  [276/3000] lr=fr=0.098718
  [180/3000] lr=fr=0.038053
  [174/3000] lr=fr=0.085822
  [636/3000] lr=fr=0.023484
  [258/3000] lr=fr=0.056425
  [312/3000] lr=fr=0.040879
  [270/3000] lr=fr=0.055075
  [360/3000] lr=fr=0.022525
  [354/3000] lr=fr=0.048954
  [654/3000] lr=fr=0.079161
  [726/3000] lr=fr=0.006661
  [132/3000] lr=fr=0.051407
  [294/3000] lr=fr=0.070500
  [540/3000] lr=fr=0.087314
  [234/3000] lr=fr=0.070864
  [216/3000] lr=fr=0.029242
  [534/3000] lr=fr=0.024370
  [222/3000] lr=fr=0.019190
  [558/3000] lr=fr=0.089966
  [264/3000] lr=fr=0.089159
  [348/3000] lr=fr=0.090756
  [552/3000] lr=fr=0.005670
  [630/3000] lr=fr=0.004600
  [696/3000] lr=fr=0.019775
  [78/3000] lr=fr=0.040647
  [96/3000] lr=fr=0.019307
  [420/3000] lr=fr=0.049139
  [246/3000] lr=fr=0.001436
  [384/3000] lr=fr=0.013137
  [462/3000] lr=fr=0.067903
  [624/3000] lr=fr=0.043855
  [114/3000] lr=fr=0.033688
  [732/3000] lr=fr=0.096070
  [672/3000] lr=fr=0.068180
  [156/3000] lr=fr=0.045041
  [408/3000] lr=fr=0.000896
  [12/3000] lr=fr=0.013469
  [84/3000] lr=fr=0.054486
  [769/3000] lr=fr=0.062944
  [492/3000] lr=fr=0.051777
  [126/3000] lr=fr=0.078932
  [762/3000] lr=fr=0.037474
  [750/3000] lr=fr=0.023424
  [6/3000] lr=fr=0.063464
  [528/3000] lr=fr=0.090888
  [606/3000] lr=fr=0.084493
  [690/3000] lr=fr=0.088221
  [516/3000] lr=fr=0.082745
  [336/3000] lr=fr=0.015853
  [306/3000] lr=fr=0.091851
  [738/3000] lr=fr=0.035232
  [714/3000] lr=fr=0.007564
  [775/3000] lr=fr=0.092883
  [36/3000] lr=fr=0.047183
  [744/3000] lr=fr=0.011319
  [510/3000] lr=fr=0.067172
  [708/3000] lr=fr=0.045743
  [666/3000] lr=fr=0.066529
  [300/3000] lr=fr=0.086982
  [720/3000] lr=fr=0.027819
  [282/3000] lr=fr=0.064625
  [588/3000] lr=fr=0.000912
  [564/3000] lr=fr=0.056703
  [330/3000] lr=fr=0.001168
  [120/3000] lr=fr=0.016451
  [204/3000] lr=fr=0.089821
  [24/3000] lr=fr=0.035278
  [378/3000] lr=fr=0.098208
  [402/3000] lr=fr=0.096372
  [781/3000] lr=fr=0.078159
  [787/3000] lr=fr=0.050296
  [42/3000] lr=fr=0.074573
  [793/3000] lr=fr=0.045327
  [522/3000] lr=fr=0.086875
  [414/3000] lr=fr=0.029820
  [799/3000] lr=fr=0.060884
  [805/3000] lr=fr=0.050892
  [426/3000] lr=fr=0.053710
  [30/3000] lr=fr=0.006550
  [438/3000] lr=fr=0.060520
  [811/3000] lr=fr=0.028651
  [186/3000] lr=fr=0.011345
  [817/3000] lr=fr=0.081337
  [48/3000] lr=fr=0.051337
  [702/3000] lr=fr=0.019955
  [823/3000] lr=fr=0.012983
  [90/3000] lr=fr=0.006787
  [829/3000] lr=fr=0.015063
  [835/3000] lr=fr=0.095949
  [841/3000] lr=fr=0.018857
  [847/3000] lr=fr=0.014486
  [853/3000] lr=fr=0.012652
  [859/3000] lr=fr=0.092750
  [865/3000] lr=fr=0.013056
  [871/3000] lr=fr=0.098817
  [877/3000] lr=fr=0.008417
  [883/3000] lr=fr=0.041985
  [889/3000] lr=fr=0.091419
  [895/3000] lr=fr=0.003061
  [901/3000] lr=fr=0.088731
  [907/3000] lr=fr=0.007142
  [913/3000] lr=fr=0.041720
  [919/3000] lr=fr=0.026586
  [925/3000] lr=fr=0.062128
  [931/3000] lr=fr=0.012337
  [937/3000] lr=fr=0.009818
  [943/3000] lr=fr=0.094399
  [949/3000] lr=fr=0.095696
  [955/3000] lr=fr=0.006485
  [961/3000] lr=fr=0.012373
  [967/3000] lr=fr=0.032535
  [973/3000] lr=fr=0.024127
  [979/3000] lr=fr=0.003132
  [985/3000] lr=fr=0.000346
  [991/3000] lr=fr=0.099917
  [997/3000] lr=fr=0.068533
  [1003/3000] lr=fr=0.024167
  [1009/3000] lr=fr=0.076714
  [1015/3000] lr=fr=0.022501
  [1021/3000] lr=fr=0.038124
  [1027/3000] lr=fr=0.092568
  [1033/3000] lr=fr=0.010509
  [1039/3000] lr=fr=0.044296
  [1045/3000] lr=fr=0.022172
  [1051/3000] lr=fr=0.075266
  [1057/3000] lr=fr=0.018928
  [1063/3000] lr=fr=0.089377
  [1069/3000] lr=fr=0.038329
  [1075/3000] lr=fr=0.069653
  [1081/3000] lr=fr=0.053005
  [1087/3000] lr=fr=0.084182
  [1093/3000] lr=fr=0.020627
  [1099/3000] lr=fr=0.028103
  [1105/3000] lr=fr=0.040747
  [1111/3000] lr=fr=0.054721
  [1117/3000] lr=fr=0.082395
  [1123/3000] lr=fr=0.025666
  [1129/3000] lr=fr=0.097295
  [1135/3000] lr=fr=0.047629
  [1141/3000] lr=fr=0.043557
  [770/3000] lr=fr=0.007973
  [1147/3000] lr=fr=0.081563
  [1153/3000] lr=fr=0.063546
  [1159/3000] lr=fr=0.094417
  [1165/3000] lr=fr=0.001373
  [1171/3000] lr=fr=0.041047
  [1177/3000] lr=fr=0.084880
  [1183/3000] lr=fr=0.067963
  [1189/3000] lr=fr=0.030753
  [1195/3000] lr=fr=0.061108
  [1201/3000] lr=fr=0.057385
  [1207/3000] lr=fr=0.033205
  [1213/3000] lr=fr=0.081801
  [1219/3000] lr=fr=0.021125
  [1225/3000] lr=fr=0.029030
  [1231/3000] lr=fr=0.010255
  [1237/3000] lr=fr=0.032118
  [1243/3000] lr=fr=0.004646
  [1249/3000] lr=fr=0.098294
  [1255/3000] lr=fr=0.096608
  [1261/3000] lr=fr=0.005962
  [1267/3000] lr=fr=0.016657
  [1273/3000] lr=fr=0.007707
  [1279/3000] lr=fr=0.077835
  [1285/3000] lr=fr=0.084985
  [1291/3000] lr=fr=0.020904
  [1297/3000] lr=fr=0.043616
  [1303/3000] lr=fr=0.071025
  [1309/3000] lr=fr=0.039455
  [794/3000] lr=fr=0.076081
  [1315/3000] lr=fr=0.035792
  [1321/3000] lr=fr=0.093610
  [1327/3000] lr=fr=0.007494
  [1333/3000] lr=fr=0.086598
  [1339/3000] lr=fr=0.026828
  [1345/3000] lr=fr=0.098994
  [1351/3000] lr=fr=0.097542
  [1357/3000] lr=fr=0.058066
  [776/3000] lr=fr=0.047343
  [1363/3000] lr=fr=0.077023
  [1369/3000] lr=fr=0.074205
  [1375/3000] lr=fr=0.035498
  [1381/3000] lr=fr=0.090512
  [1387/3000] lr=fr=0.067567
  [1393/3000] lr=fr=0.024740
  [1399/3000] lr=fr=0.078665
  [1405/3000] lr=fr=0.028023
  [1411/3000] lr=fr=0.032830
  [1417/3000] lr=fr=0.091462
  [1423/3000] lr=fr=0.078522
  [1429/3000] lr=fr=0.004556
  [1435/3000] lr=fr=0.093779
  [1441/3000] lr=fr=0.058449
  [1447/3000] lr=fr=0.000740
  [1453/3000] lr=fr=0.014854
  [1459/3000] lr=fr=0.068466
  [1465/3000] lr=fr=0.092936
  [782/3000] lr=fr=0.087049
  [1471/3000] lr=fr=0.049388
  [800/3000] lr=fr=0.074908
  [1477/3000] lr=fr=0.028149
  [806/3000] lr=fr=0.062478
  [1483/3000] lr=fr=0.016968
  [788/3000] lr=fr=0.054674
  [812/3000] lr=fr=0.012243
  [824/3000] lr=fr=0.030824
  [1489/3000] lr=fr=0.075713
  [818/3000] lr=fr=0.049526
  [830/3000] lr=fr=0.022966
  [854/3000] lr=fr=0.026543
  [842/3000] lr=fr=0.079691
  [1495/3000] lr=fr=0.007103
  [836/3000] lr=fr=0.014566
  [1501/3000] lr=fr=0.016406
  [872/3000] lr=fr=0.085463
  [1507/3000] lr=fr=0.071923
  [1513/3000] lr=fr=0.077475
  [890/3000] lr=fr=0.034721
  [860/3000] lr=fr=0.000572
  [926/3000] lr=fr=0.003280
  [866/3000] lr=fr=0.086307
  [878/3000] lr=fr=0.075594
  [1519/3000] lr=fr=0.073268
  [938/3000] lr=fr=0.099036
  [1525/3000] lr=fr=0.039303
  [1531/3000] lr=fr=0.044015
  [920/3000] lr=fr=0.029883
  [908/3000] lr=fr=0.059149
  [932/3000] lr=fr=0.099658
  [914/3000] lr=fr=0.064143
  [848/3000] lr=fr=0.043903
  [884/3000] lr=fr=0.081427
  [902/3000] lr=fr=0.077859
  [944/3000] lr=fr=0.001134
  [896/3000] lr=fr=0.031862
  [950/3000] lr=fr=0.032615
  [974/3000] lr=fr=0.034547
  [992/3000] lr=fr=0.031975
  [968/3000] lr=fr=0.024745
  [956/3000] lr=fr=0.008288
  [962/3000] lr=fr=0.053056
  [980/3000] lr=fr=0.083630
  [1052/3000] lr=fr=0.016476
  [998/3000] lr=fr=0.047714
  [986/3000] lr=fr=0.065829
  [1112/3000] lr=fr=0.081369
  [1010/3000] lr=fr=0.035898
  [1064/3000] lr=fr=0.070279
  [1208/3000] lr=fr=0.004208
  [1040/3000] lr=fr=0.079872
  [1028/3000] lr=fr=0.085360
  [1004/3000] lr=fr=0.016686
  [1016/3000] lr=fr=0.001541
  [1082/3000] lr=fr=0.083342
  [1058/3000] lr=fr=0.022793
  [1160/3000] lr=fr=0.053771
  [1034/3000] lr=fr=0.083867
  [1088/3000] lr=fr=0.063894
  [1022/3000] lr=fr=0.053035
  [1070/3000] lr=fr=0.019339
  [1106/3000] lr=fr=0.012760
  [771/3000] lr=fr=0.037303
  [1154/3000] lr=fr=0.032706
  [1100/3000] lr=fr=0.078478
  [1046/3000] lr=fr=0.007217
  [1238/3000] lr=fr=0.034788
  [1130/3000] lr=fr=0.076523
  [1076/3000] lr=fr=0.024073
  [1250/3000] lr=fr=0.013530
  [1166/3000] lr=fr=0.096512
  [1094/3000] lr=fr=0.068407
  [1148/3000] lr=fr=0.091341
  [1118/3000] lr=fr=0.045616
  [1196/3000] lr=fr=0.031177
  [1184/3000] lr=fr=0.028132
  [1136/3000] lr=fr=0.028521
  [1142/3000] lr=fr=0.093833
  [1124/3000] lr=fr=0.001474
  [1214/3000] lr=fr=0.031036
  [1262/3000] lr=fr=0.057996
  [1226/3000] lr=fr=0.044419
  [1178/3000] lr=fr=0.026736
  [1202/3000] lr=fr=0.039755
  [1172/3000] lr=fr=0.082600
  [1232/3000] lr=fr=0.044103
  [1274/3000] lr=fr=0.015725
  [1220/3000] lr=fr=0.084055
  [777/3000] lr=fr=0.067910
  [1190/3000] lr=fr=0.076628
  [1256/3000] lr=fr=0.085505
  [1268/3000] lr=fr=0.077103
  [1286/3000] lr=fr=0.036951
  [1244/3000] lr=fr=0.010959
  [1346/3000] lr=fr=0.056951
  [1292/3000] lr=fr=0.004744
  [1280/3000] lr=fr=0.042637
  [795/3000] lr=fr=0.057694
  [1352/3000] lr=fr=0.069153
  [1304/3000] lr=fr=0.055141
  [801/3000] lr=fr=0.065993
  [1310/3000] lr=fr=0.071265
  [1316/3000] lr=fr=0.076853
  [1298/3000] lr=fr=0.020976
  [1328/3000] lr=fr=0.014609
  [1322/3000] lr=fr=0.011458
  [1364/3000] lr=fr=0.007188
  [1340/3000] lr=fr=0.037055
  [1334/3000] lr=fr=0.038359
  [1358/3000] lr=fr=0.064465
  [1400/3000] lr=fr=0.000416
  [1370/3000] lr=fr=0.052847
  [1376/3000] lr=fr=0.018230
  [1424/3000] lr=fr=0.023772
  [1394/3000] lr=fr=0.044267
  [1382/3000] lr=fr=0.046334
  [1406/3000] lr=fr=0.028327
  [807/3000] lr=fr=0.047321
  [1442/3000] lr=fr=0.009123
  [1412/3000] lr=fr=0.033030
  [1388/3000] lr=fr=0.053570
  [1436/3000] lr=fr=0.079584
  [1418/3000] lr=fr=0.061956
  [1430/3000] lr=fr=0.049961
  [1460/3000] lr=fr=0.026162
  [789/3000] lr=fr=0.064704
  [1448/3000] lr=fr=0.004160
  [1466/3000] lr=fr=0.020943
  [825/3000] lr=fr=0.093146
  [1454/3000] lr=fr=0.083142
  [783/3000] lr=fr=0.098901
  [1484/3000] lr=fr=0.090085
  [813/3000] lr=fr=0.041896
  [843/3000] lr=fr=0.092631
  [1478/3000] lr=fr=0.017958
  [1472/3000] lr=fr=0.005794
  [873/3000] lr=fr=0.088055
  [855/3000] lr=fr=0.009034
  [1490/3000] lr=fr=0.076274
  [879/3000] lr=fr=0.082812
  [819/3000] lr=fr=0.019882
  [939/3000] lr=fr=0.097473
  [891/3000] lr=fr=0.074964
  [837/3000] lr=fr=0.049190
  [909/3000] lr=fr=0.031420
  [831/3000] lr=fr=0.009791
  [933/3000] lr=fr=0.090946
  [915/3000] lr=fr=0.082489
  [1514/3000] lr=fr=0.045875
  [867/3000] lr=fr=0.023377
  [927/3000] lr=fr=0.040931
  [861/3000] lr=fr=0.016102
  [1496/3000] lr=fr=0.001303
  [1508/3000] lr=fr=0.026356
  [1502/3000] lr=fr=0.072991
  [921/3000] lr=fr=0.097636
  [1520/3000] lr=fr=0.043517
  [903/3000] lr=fr=0.049098
  [1532/3000] lr=fr=0.051351
  [1526/3000] lr=fr=0.046762
  [975/3000] lr=fr=0.002462
  [1053/3000] lr=fr=0.082789
  [945/3000] lr=fr=0.014107
  [993/3000] lr=fr=0.062518
  [885/3000] lr=fr=0.012004
  [897/3000] lr=fr=0.011438
  [963/3000] lr=fr=0.068306
  [969/3000] lr=fr=0.045871
  [951/3000] lr=fr=0.037731
  [957/3000] lr=fr=0.067308
  [849/3000] lr=fr=0.078438
  [981/3000] lr=fr=0.000821
  [1113/3000] lr=fr=0.024783
  [987/3000] lr=fr=0.045290
  [999/3000] lr=fr=0.035513
  [1209/3000] lr=fr=0.054250
  [1029/3000] lr=fr=0.026192
  [1011/3000] lr=fr=0.039367
  [1041/3000] lr=fr=0.045245
  [1065/3000] lr=fr=0.068259
  [1083/3000] lr=fr=0.012878
  [1059/3000] lr=fr=0.077758
  [1239/3000] lr=fr=0.099003
  [1023/3000] lr=fr=0.095465
  [1161/3000] lr=fr=0.001592
  [1089/3000] lr=fr=0.023246
  [1155/3000] lr=fr=0.050128
  [1149/3000] lr=fr=0.024453
  [1035/3000] lr=fr=0.080838
  [1017/3000] lr=fr=0.047891
  [1005/3000] lr=fr=0.022033
  [1167/3000] lr=fr=0.065352
  [1251/3000] lr=fr=0.019092
  [1101/3000] lr=fr=0.000855
  [1131/3000] lr=fr=0.043450
  [1071/3000] lr=fr=0.097883
  [1263/3000] lr=fr=0.061666
  [1107/3000] lr=fr=0.029801
  [772/3000] lr=fr=0.050862
  [1215/3000] lr=fr=0.091535
  [1173/3000] lr=fr=0.092295
  [1047/3000] lr=fr=0.001213
  [1095/3000] lr=fr=0.030291
  [1137/3000] lr=fr=0.029478
  [1275/3000] lr=fr=0.056198
  [1197/3000] lr=fr=0.034636
  [1347/3000] lr=fr=0.063828
  [1077/3000] lr=fr=0.072790
  [1143/3000] lr=fr=0.082144
  [1119/3000] lr=fr=0.035008
  [1185/3000] lr=fr=0.066639
  [1125/3000] lr=fr=0.000191
  [778/3000] lr=fr=0.081479
  [1233/3000] lr=fr=0.089130
  [1191/3000] lr=fr=0.045546
  [1269/3000] lr=fr=0.041615
  [1353/3000] lr=fr=0.050519
  [1227/3000] lr=fr=0.062618
  [1293/3000] lr=fr=0.059912
  [796/3000] lr=fr=0.040126
  [1179/3000] lr=fr=0.053230
  [1203/3000] lr=fr=0.030133
  [1287/3000] lr=fr=0.025896
  [1257/3000] lr=fr=0.063479
  [1221/3000] lr=fr=0.045522
  [1305/3000] lr=fr=0.066596
  [1317/3000] lr=fr=0.016028
  [1281/3000] lr=fr=0.063065
  [802/3000] lr=fr=0.001977
  [1245/3000] lr=fr=0.062710
  [1311/3000] lr=fr=0.057667
  [1323/3000] lr=fr=0.008128
  [1329/3000] lr=fr=0.013784
  [1371/3000] lr=fr=0.071951
  [1341/3000] lr=fr=0.073286
  [1377/3000] lr=fr=0.058709
  [1335/3000] lr=fr=0.092920
  [808/3000] lr=fr=0.042080
  [1425/3000] lr=fr=0.049739
  [1359/3000] lr=fr=0.004478
  [1431/3000] lr=fr=0.041273
  [1365/3000] lr=fr=0.085575
  [826/3000] lr=fr=0.094877
  [1401/3000] lr=fr=0.088376
  [1395/3000] lr=fr=0.011211
  [1437/3000] lr=fr=0.097258
  [1413/3000] lr=fr=0.012494
  [1407/3000] lr=fr=0.032958
  [1389/3000] lr=fr=0.019238
  [1383/3000] lr=fr=0.005635
  [1299/3000] lr=fr=0.043708
  [1443/3000] lr=fr=0.070100
  [874/3000] lr=fr=0.062879
  [790/3000] lr=fr=0.080338
  [1461/3000] lr=fr=0.096149
  [1449/3000] lr=fr=0.093525
  [1419/3000] lr=fr=0.050801
  [844/3000] lr=fr=0.025857
  [814/3000] lr=fr=0.045722
  [856/3000] lr=fr=0.067161
  [1455/3000] lr=fr=0.018802
  [784/3000] lr=fr=0.035616
  [1485/3000] lr=fr=0.045989
  [1479/3000] lr=fr=0.084313
  [892/3000] lr=fr=0.057852
  [1467/3000] lr=fr=0.017265
  [940/3000] lr=fr=0.020740
  [820/3000] lr=fr=0.041793
  [1473/3000] lr=fr=0.001719
  [910/3000] lr=fr=0.031542
  [868/3000] lr=fr=0.070952
  [928/3000] lr=fr=0.008710
  [916/3000] lr=fr=0.070911
  [922/3000] lr=fr=0.036103
  [832/3000] lr=fr=0.053802
  [934/3000] lr=fr=0.033947
  [1491/3000] lr=fr=0.007777
  [862/3000] lr=fr=0.060970
  [880/3000] lr=fr=0.093590
  [838/3000] lr=fr=0.006340
  [1503/3000] lr=fr=0.040989
  [976/3000] lr=fr=0.030845
  [1054/3000] lr=fr=0.036331
  [904/3000] lr=fr=0.050930
  [1515/3000] lr=fr=0.030416
  [994/3000] lr=fr=0.000329
  [1497/3000] lr=fr=0.020405
  [964/3000] lr=fr=0.079070
  [1509/3000] lr=fr=0.065240
  [970/3000] lr=fr=0.034056
  [1527/3000] lr=fr=0.028607
  [952/3000] lr=fr=0.007150
  [958/3000] lr=fr=0.015830
  [1114/3000] lr=fr=0.018813
  [982/3000] lr=fr=0.064059
  [1533/3000] lr=fr=0.066793
  [1521/3000] lr=fr=0.023689
  [946/3000] lr=fr=0.009764
  [1000/3000] lr=fr=0.061522
  [886/3000] lr=fr=0.037197
  [850/3000] lr=fr=0.080703
  [1210/3000] lr=fr=0.091633
  [898/3000] lr=fr=0.064843
  [1060/3000] lr=fr=0.036444
  [988/3000] lr=fr=0.012048
  [1240/3000] lr=fr=0.030382
  [1030/3000] lr=fr=0.028743
  [1036/3000] lr=fr=0.099523
  [1150/3000] lr=fr=0.025951
  [1156/3000] lr=fr=0.088109
  [1066/3000] lr=fr=0.086192
  [1006/3000] lr=fr=0.079828
  [1252/3000] lr=fr=0.057337
  [1264/3000] lr=fr=0.021608
  [1024/3000] lr=fr=0.086147
  [1012/3000] lr=fr=0.015793
  [1018/3000] lr=fr=0.010054
  [1042/3000] lr=fr=0.051856
  [1090/3000] lr=fr=0.025740
  [1084/3000] lr=fr=0.010773
  [1198/3000] lr=fr=0.058944
  [1132/3000] lr=fr=0.046995
  [1162/3000] lr=fr=0.051067
  [1168/3000] lr=fr=0.069357
  [1348/3000] lr=fr=0.062795
  [1108/3000] lr=fr=0.044138
  [1102/3000] lr=fr=0.046737
  [1072/3000] lr=fr=0.072594
  [1228/3000] lr=fr=0.025635
  [773/3000] lr=fr=0.013663
  [1216/3000] lr=fr=0.061008
  [1174/3000] lr=fr=0.027688
  [1276/3000] lr=fr=0.016425
  [1078/3000] lr=fr=0.060487
  [1306/3000] lr=fr=0.026757
  [779/3000] lr=fr=0.017893
  [1234/3000] lr=fr=0.064589
  [1120/3000] lr=fr=0.081703
  [1354/3000] lr=fr=0.032439
  [1138/3000] lr=fr=0.009230
  [797/3000] lr=fr=0.009440
  [1144/3000] lr=fr=0.090374
  [1294/3000] lr=fr=0.061586
  [1186/3000] lr=fr=0.023445
  [1096/3000] lr=fr=0.003991
  [1048/3000] lr=fr=0.071977
  [1372/3000] lr=fr=0.079836
  [1378/3000] lr=fr=0.024384
  [1204/3000] lr=fr=0.020220
  [1126/3000] lr=fr=0.042642
  [1330/3000] lr=fr=0.040224
  [1270/3000] lr=fr=0.096422
  [1258/3000] lr=fr=0.051549
  [1192/3000] lr=fr=0.099349
  [1318/3000] lr=fr=0.092317
  [1246/3000] lr=fr=0.021326
  [1180/3000] lr=fr=0.091024
  [1342/3000] lr=fr=0.078613
  [1222/3000] lr=fr=0.072704
  [1288/3000] lr=fr=0.005091
  [1336/3000] lr=fr=0.074881
  [1312/3000] lr=fr=0.036349
  [1282/3000] lr=fr=0.035447
  [1324/3000] lr=fr=0.097169
  [803/3000] lr=fr=0.020035
  [809/3000] lr=fr=0.098733
  [1402/3000] lr=fr=0.027183
  [1438/3000] lr=fr=0.085496
  [1426/3000] lr=fr=0.019535
  [1432/3000] lr=fr=0.014684
  [1360/3000] lr=fr=0.085567
  [875/3000] lr=fr=0.079258
  [827/3000] lr=fr=0.086452
  [857/3000] lr=fr=0.062846
  [791/3000] lr=fr=0.098048
  [1408/3000] lr=fr=0.096309
  [1396/3000] lr=fr=0.073234
  [1390/3000] lr=fr=0.001788
  [1384/3000] lr=fr=0.097001
  [1462/3000] lr=fr=0.053918
  [1366/3000] lr=fr=0.035423
  [1444/3000] lr=fr=0.027930
  [1414/3000] lr=fr=0.069311
  [815/3000] lr=fr=0.071073
  [845/3000] lr=fr=0.010423
  [1456/3000] lr=fr=0.044395
  [1450/3000] lr=fr=0.022991
  [1300/3000] lr=fr=0.072480
  [869/3000] lr=fr=0.066119
  [929/3000] lr=fr=0.000531
  [1420/3000] lr=fr=0.057574
  [893/3000] lr=fr=0.084160
  [923/3000] lr=fr=0.051713
  [785/3000] lr=fr=0.026279
  [821/3000] lr=fr=0.006892
  [941/3000] lr=fr=0.087713
  [863/3000] lr=fr=0.036703
  [911/3000] lr=fr=0.033526
  [833/3000] lr=fr=0.001839
  [1480/3000] lr=fr=0.050550
  [917/3000] lr=fr=0.038703
  [1468/3000] lr=fr=0.092344
  [1474/3000] lr=fr=0.075702
  [881/3000] lr=fr=0.028236
  [1486/3000] lr=fr=0.047088
  [935/3000] lr=fr=0.088174
  [839/3000] lr=fr=0.048665
  [1492/3000] lr=fr=0.079048
  [977/3000] lr=fr=0.042048
  [995/3000] lr=fr=0.007469
  [1055/3000] lr=fr=0.038875
  [1504/3000] lr=fr=0.031225
  [905/3000] lr=fr=0.016121
  [965/3000] lr=fr=0.096650
  [1498/3000] lr=fr=0.018492
  [1001/3000] lr=fr=0.027116
  [959/3000] lr=fr=0.066353
  [971/3000] lr=fr=0.062255
  [1528/3000] lr=fr=0.043577
  [1510/3000] lr=fr=0.054114
  [1061/3000] lr=fr=0.081166
  [1211/3000] lr=fr=0.065385
  [1031/3000] lr=fr=0.056976
  [947/3000] lr=fr=0.044727
  [953/3000] lr=fr=0.060265
  [983/3000] lr=fr=0.084670
  [1516/3000] lr=fr=0.094496
  [1115/3000] lr=fr=0.042883
  [1037/3000] lr=fr=0.051692
  [1241/3000] lr=fr=0.087853
  [989/3000] lr=fr=0.070336
  [899/3000] lr=fr=0.031173
  [1157/3000] lr=fr=0.018056
  [1067/3000] lr=fr=0.098109
  [1151/3000] lr=fr=0.002819
  [1253/3000] lr=fr=0.018523
  [1007/3000] lr=fr=0.039886
  [1534/3000] lr=fr=0.061247
  [1025/3000] lr=fr=0.094077
  [1522/3000] lr=fr=0.009405
  [851/3000] lr=fr=0.065458
  [1109/3000] lr=fr=0.086215
  [1265/3000] lr=fr=0.090498
  [1019/3000] lr=fr=0.090266
  [887/3000] lr=fr=0.068628
  [1349/3000] lr=fr=0.053369
  [1013/3000] lr=fr=0.073700
  [1043/3000] lr=fr=0.073794
  [1091/3000] lr=fr=0.085085
  [1133/3000] lr=fr=0.090811
  [1169/3000] lr=fr=0.099286
  [1277/3000] lr=fr=0.032592
  [1307/3000] lr=fr=0.099255
  [1199/3000] lr=fr=0.094802
  [1073/3000] lr=fr=0.005775
  [1175/3000] lr=fr=0.033909
  [1085/3000] lr=fr=0.051443
  [1229/3000] lr=fr=0.026334
  [1217/3000] lr=fr=0.031269
  [1103/3000] lr=fr=0.027615
  [798/3000] lr=fr=0.018626
  [1235/3000] lr=fr=0.094359
  [780/3000] lr=fr=0.035827
  [1379/3000] lr=fr=0.082362
  [1193/3000] lr=fr=0.042114
  [1163/3000] lr=fr=0.034107
  [1331/3000] lr=fr=0.079170
  [1295/3000] lr=fr=0.057826
  [1319/3000] lr=fr=0.068698
  [1355/3000] lr=fr=0.001668
  [1373/3000] lr=fr=0.019941
  [774/3000] lr=fr=0.047646
  [1145/3000] lr=fr=0.052362
  [1079/3000] lr=fr=0.070121
  [1205/3000] lr=fr=0.057353
  [1127/3000] lr=fr=0.048322
  [1271/3000] lr=fr=0.015148
  [1121/3000] lr=fr=0.009676
  [1187/3000] lr=fr=0.031068
  [1343/3000] lr=fr=0.000461
  [1139/3000] lr=fr=0.079930
  [1097/3000] lr=fr=0.010590
  [1259/3000] lr=fr=0.059210
  [1049/3000] lr=fr=0.001627
  [810/3000] lr=fr=0.058282
  [1223/3000] lr=fr=0.048784
  [1337/3000] lr=fr=0.012407
  [1325/3000] lr=fr=0.034321
  [1403/3000] lr=fr=0.098534
  [1313/3000] lr=fr=0.091501
  [1247/3000] lr=fr=0.057962
  [1181/3000] lr=fr=0.037996
  [1283/3000] lr=fr=0.051976
  [828/3000] lr=fr=0.059847
  [858/3000] lr=fr=0.072145
  [876/3000] lr=fr=0.080266
  [1433/3000] lr=fr=0.096993
  [1289/3000] lr=fr=0.039513
  [792/3000] lr=fr=0.019360
  [1463/3000] lr=fr=0.086794
  [804/3000] lr=fr=0.016844
  [1427/3000] lr=fr=0.013431
  [1439/3000] lr=fr=0.022394
  [1361/3000] lr=fr=0.013292
  [1397/3000] lr=fr=0.011260
  [816/3000] lr=fr=0.067528
  [1409/3000] lr=fr=0.024546
  [1415/3000] lr=fr=0.032979
  [1391/3000] lr=fr=0.040452
  [846/3000] lr=fr=0.070203
  [1445/3000] lr=fr=0.029126
  [894/3000] lr=fr=0.078703
  [924/3000] lr=fr=0.095431
  [1367/3000] lr=fr=0.026468
  [870/3000] lr=fr=0.054834
  [1457/3000] lr=fr=0.066324
  [1385/3000] lr=fr=0.082441
  [930/3000] lr=fr=0.068803
  [1301/3000] lr=fr=0.048832
  [942/3000] lr=fr=0.038718
  [864/3000] lr=fr=0.071817
  [1421/3000] lr=fr=0.017436
  [834/3000] lr=fr=0.014399
  [912/3000] lr=fr=0.029107
  [786/3000] lr=fr=0.074484
  [1451/3000] lr=fr=0.029433
  [918/3000] lr=fr=0.069615
  [822/3000] lr=fr=0.011770
  [936/3000] lr=fr=0.034875
  [1481/3000] lr=fr=0.042949
  [978/3000] lr=fr=0.029757
  [1469/3000] lr=fr=0.075406
  [1487/3000] lr=fr=0.084215
  [1002/3000] lr=fr=0.077462
  [996/3000] lr=fr=0.050385
  [1475/3000] lr=fr=0.017522
  [1493/3000] lr=fr=0.048709
  [966/3000] lr=fr=0.039259
  [972/3000] lr=fr=0.025432
  [1056/3000] lr=fr=0.085905
  [882/3000] lr=fr=0.096217
  [840/3000] lr=fr=0.051500
  [1062/3000] lr=fr=0.038926
  [906/3000] lr=fr=0.054087
  [1212/3000] lr=fr=0.073868
  [960/3000] lr=fr=0.042869
  [1038/3000] lr=fr=0.069289
  [1505/3000] lr=fr=0.066269
  [1242/3000] lr=fr=0.065046
  [900/3000] lr=fr=0.052961
  [954/3000] lr=fr=0.020373
  [1116/3000] lr=fr=0.075134
  [1158/3000] lr=fr=0.092725
  [1068/3000] lr=fr=0.081885
  [984/3000] lr=fr=0.011505
  [948/3000] lr=fr=0.010099
  [1032/3000] lr=fr=0.034965
  [1008/3000] lr=fr=0.073323
  [1529/3000] lr=fr=0.080998
  [990/3000] lr=fr=0.030244
  [1517/3000] lr=fr=0.096261
  [1254/3000] lr=fr=0.073414
  [1152/3000] lr=fr=0.024432
  [1350/3000] lr=fr=0.081521
  [1499/3000] lr=fr=0.021826
  [1511/3000] lr=fr=0.089404
  [1110/3000] lr=fr=0.027668
  [1020/3000] lr=fr=0.018391
  [1026/3000] lr=fr=0.006213
  [1266/3000] lr=fr=0.080091
  [1092/3000] lr=fr=0.004991
  [1170/3000] lr=fr=0.011883
  [1014/3000] lr=fr=0.094291
  [1535/3000] lr=fr=0.046417
  [1230/3000] lr=fr=0.038656
  [1134/3000] lr=fr=0.020474
  [1044/3000] lr=fr=0.053862
  [1278/3000] lr=fr=0.039479
  [888/3000] lr=fr=0.099802
  [1200/3000] lr=fr=0.072824
  [1308/3000] lr=fr=0.058436
  [852/3000] lr=fr=0.075368
  [1320/3000] lr=fr=0.012614
  [1194/3000] lr=fr=0.042986
  [1523/3000] lr=fr=0.065623
  [1332/3000] lr=fr=0.038280
  [1236/3000] lr=fr=0.054965
  [1537/3000] lr=fr=0.088586
  [1086/3000] lr=fr=0.032272
  [1374/3000] lr=fr=0.067498
  [1206/3000] lr=fr=0.029153
  [1296/3000] lr=fr=0.050603
  [1380/3000] lr=fr=0.089779
  [1272/3000] lr=fr=0.082733
  [1356/3000] lr=fr=0.038075
  [1080/3000] lr=fr=0.029672
  [1074/3000] lr=fr=0.078587
  [1176/3000] lr=fr=0.007308
  [1218/3000] lr=fr=0.042569
  [1344/3000] lr=fr=0.033583
  [1164/3000] lr=fr=0.055890
  [1104/3000] lr=fr=0.076262
  [1543/3000] lr=fr=0.052408
  [1549/3000] lr=fr=0.058859
  [1146/3000] lr=fr=0.017818
  [1128/3000] lr=fr=0.091918
  [1140/3000] lr=fr=0.020330
  [1188/3000] lr=fr=0.014236
  [1098/3000] lr=fr=0.088642
  [1224/3000] lr=fr=0.088241
  [1555/3000] lr=fr=0.098504
  [1122/3000] lr=fr=0.093096
  [1248/3000] lr=fr=0.087778
  [1404/3000] lr=fr=0.091651
  [1182/3000] lr=fr=0.038995
  [1338/3000] lr=fr=0.044594
  [1326/3000] lr=fr=0.021553
  [1260/3000] lr=fr=0.052652
  [1284/3000] lr=fr=0.074002
  [1314/3000] lr=fr=0.037584
  [1561/3000] lr=fr=0.038753
  [1050/3000] lr=fr=0.037431
  [1567/3000] lr=fr=0.003833
  [1434/3000] lr=fr=0.015130
  [1573/3000] lr=fr=0.015915
  [1579/3000] lr=fr=0.055988
  [1290/3000] lr=fr=0.096499
  [1428/3000] lr=fr=0.092463
  [1464/3000] lr=fr=0.010355
  [1585/3000] lr=fr=0.004422
  [1591/3000] lr=fr=0.066479
  [1398/3000] lr=fr=0.043206
  [1416/3000] lr=fr=0.071170
  [1440/3000] lr=fr=0.018370
  [1410/3000] lr=fr=0.077733
  [1597/3000] lr=fr=0.068758
  [1392/3000] lr=fr=0.054451
  [1603/3000] lr=fr=0.053879
  [1609/3000] lr=fr=0.088669
  [1615/3000] lr=fr=0.034255
  [1446/3000] lr=fr=0.010982
  [1621/3000] lr=fr=0.079559
  [1627/3000] lr=fr=0.086762
  [1362/3000] lr=fr=0.032291
  [1386/3000] lr=fr=0.094506
  [1368/3000] lr=fr=0.013994
  [1302/3000] lr=fr=0.078774
  [1458/3000] lr=fr=0.080042
  [1633/3000] lr=fr=0.092550
  [1639/3000] lr=fr=0.034978
  [1645/3000] lr=fr=0.030055
  [1422/3000] lr=fr=0.021539
  [1651/3000] lr=fr=0.006594
  [1657/3000] lr=fr=0.069193
  [1663/3000] lr=fr=0.012280
  [1669/3000] lr=fr=0.052053
  [1675/3000] lr=fr=0.044933
  [1681/3000] lr=fr=0.049635
  [1452/3000] lr=fr=0.084862
  [1687/3000] lr=fr=0.072362
  [1693/3000] lr=fr=0.091971
  [1470/3000] lr=fr=0.059245
  [1699/3000] lr=fr=0.075014
  [1705/3000] lr=fr=0.028493
  [1711/3000] lr=fr=0.009459
  [1717/3000] lr=fr=0.007002
  [1723/3000] lr=fr=0.009611
  [1729/3000] lr=fr=0.027596
  [1476/3000] lr=fr=0.052014
  [1482/3000] lr=fr=0.027239
  [1735/3000] lr=fr=0.055479
  [1741/3000] lr=fr=0.005489
  [1747/3000] lr=fr=0.015427
  [1753/3000] lr=fr=0.069678
  [1488/3000] lr=fr=0.070563
  [1759/3000] lr=fr=0.044177
  [1494/3000] lr=fr=0.033989
  [1765/3000] lr=fr=0.039123
  [1771/3000] lr=fr=0.037349
  [1777/3000] lr=fr=0.091757
  [1783/3000] lr=fr=0.098011
  [1506/3000] lr=fr=0.020553
  [1789/3000] lr=fr=0.068660
  [1795/3000] lr=fr=0.088790
  [1801/3000] lr=fr=0.010399
  [1807/3000] lr=fr=0.041307
  [1813/3000] lr=fr=0.096914
  [1819/3000] lr=fr=0.035606
  [1825/3000] lr=fr=0.033349
  [1831/3000] lr=fr=0.036551
  [1837/3000] lr=fr=0.043283
  [1843/3000] lr=fr=0.025782
  [1849/3000] lr=fr=0.053090
  [1530/3000] lr=fr=0.091820
  [1855/3000] lr=fr=0.094107
  [1512/3000] lr=fr=0.096199
  [1861/3000] lr=fr=0.087158
  [1518/3000] lr=fr=0.022645
  [1867/3000] lr=fr=0.075638
  [1873/3000] lr=fr=0.046967
  [1879/3000] lr=fr=0.018724
  [1500/3000] lr=fr=0.090010
  [1885/3000] lr=fr=0.066434
  [1891/3000] lr=fr=0.026614
  [1897/3000] lr=fr=0.008745
  [1903/3000] lr=fr=0.010878
  [1909/3000] lr=fr=0.059176
  [1915/3000] lr=fr=0.045434
  [1538/3000] lr=fr=0.011054
  [1921/3000] lr=fr=0.003004
  [1927/3000] lr=fr=0.064776
  [1933/3000] lr=fr=0.025319
  [1536/3000] lr=fr=0.003507
  [1939/3000] lr=fr=0.084351
  [1945/3000] lr=fr=0.002135
  [1951/3000] lr=fr=0.042009
  [1957/3000] lr=fr=0.006398
  [1963/3000] lr=fr=0.045476
  [1524/3000] lr=fr=0.059048
  [1969/3000] lr=fr=0.037628
  [1975/3000] lr=fr=0.055440
  [1981/3000] lr=fr=0.027335
  [1987/3000] lr=fr=0.007577
  [1550/3000] lr=fr=0.081215
  [1993/3000] lr=fr=0.084820
  [1999/3000] lr=fr=0.028710
  [1544/3000] lr=fr=0.026688
  [2005/3000] lr=fr=0.097975
  [2011/3000] lr=fr=0.005867
  [2017/3000] lr=fr=0.032735
  [2023/3000] lr=fr=0.051902
  [2029/3000] lr=fr=0.061704
  [2035/3000] lr=fr=0.079224
  [2041/3000] lr=fr=0.036187
  [2047/3000] lr=fr=0.074663
  [2053/3000] lr=fr=0.054538
  [2059/3000] lr=fr=0.043403
  [2065/3000] lr=fr=0.027796
  [2071/3000] lr=fr=0.017859
  [1568/3000] lr=fr=0.090111
  [2077/3000] lr=fr=0.021453
  [2083/3000] lr=fr=0.037762
  [2089/3000] lr=fr=0.057145
  [1562/3000] lr=fr=0.005905
  [2095/3000] lr=fr=0.032541
  [1556/3000] lr=fr=0.049558
  [2101/3000] lr=fr=0.032673
  [2107/3000] lr=fr=0.036115
  [2113/3000] lr=fr=0.065865
  [1580/3000] lr=fr=0.035654
  [2119/3000] lr=fr=0.066548
  [2125/3000] lr=fr=0.055028
  [2131/3000] lr=fr=0.086834
  [2137/3000] lr=fr=0.097934
  [1598/3000] lr=fr=0.050194
  [1574/3000] lr=fr=0.026378
  [2143/3000] lr=fr=0.034584
  [1586/3000] lr=fr=0.044818
  [1610/3000] lr=fr=0.031783
  [2149/3000] lr=fr=0.048086
  [1622/3000] lr=fr=0.055549
  [2155/3000] lr=fr=0.099722
  [2161/3000] lr=fr=0.012456
  [1616/3000] lr=fr=0.078288
  [1592/3000] lr=fr=0.075747
  [2167/3000] lr=fr=0.068921
  [2173/3000] lr=fr=0.095811
  [1604/3000] lr=fr=0.061750
  [2179/3000] lr=fr=0.032937
  [1646/3000] lr=fr=0.064976
  [1628/3000] lr=fr=0.027039
  [1640/3000] lr=fr=0.062308
  [1634/3000] lr=fr=0.043911
  [2185/3000] lr=fr=0.016203
  [1658/3000] lr=fr=0.055730
  [1652/3000] lr=fr=0.005260
  [2191/3000] lr=fr=0.093368
  [2197/3000] lr=fr=0.002394
  [2203/3000] lr=fr=0.022875
  [1682/3000] lr=fr=0.058622
  [1700/3000] lr=fr=0.003673
  [2209/3000] lr=fr=0.089093
  [1694/3000] lr=fr=0.071482
  [2215/3000] lr=fr=0.031956
  [1664/3000] lr=fr=0.083736
  [1712/3000] lr=fr=0.054330
  [1724/3000] lr=fr=0.065084
  [1688/3000] lr=fr=0.098469
  [1676/3000] lr=fr=0.064893
  [1730/3000] lr=fr=0.019117
  [1670/3000] lr=fr=0.037338
  [2221/3000] lr=fr=0.092770
  [2227/3000] lr=fr=0.039710
  [2233/3000] lr=fr=0.089307
  [1718/3000] lr=fr=0.020424
  [1748/3000] lr=fr=0.009247
  [1706/3000] lr=fr=0.088333
  [1778/3000] lr=fr=0.049434
  [2239/3000] lr=fr=0.008859
  [1754/3000] lr=fr=0.095733
  [1814/3000] lr=fr=0.046806
  [1760/3000] lr=fr=0.039032
  [1736/3000] lr=fr=0.016366
  [1742/3000] lr=fr=0.061905
  [1766/3000] lr=fr=0.075941
  [2245/3000] lr=fr=0.029845
  [1832/3000] lr=fr=0.062447
  [1820/3000] lr=fr=0.045649
  [2251/3000] lr=fr=0.043427
  [1772/3000] lr=fr=0.067427
  [2257/3000] lr=fr=0.029292
  [1844/3000] lr=fr=0.078096
  [1790/3000] lr=fr=0.064306
  [1802/3000] lr=fr=0.078177
  [1808/3000] lr=fr=0.002578
  [1784/3000] lr=fr=0.002084
  [1826/3000] lr=fr=0.048368
  [1850/3000] lr=fr=0.061329
  [1796/3000] lr=fr=0.070527
  [1856/3000] lr=fr=0.015766
  [2263/3000] lr=fr=0.076675
  [1838/3000] lr=fr=0.081242
  [1874/3000] lr=fr=0.066014
  [1892/3000] lr=fr=0.027500
  [1862/3000] lr=fr=0.046908
  [1886/3000] lr=fr=0.077385
  [2269/3000] lr=fr=0.015945
  [1916/3000] lr=fr=0.039401
  [1868/3000] lr=fr=0.018000
  [2275/3000] lr=fr=0.031346
  [2281/3000] lr=fr=0.029910
  [1946/3000] lr=fr=0.077996
  [1880/3000] lr=fr=0.046840
  [1922/3000] lr=fr=0.027397
  [1898/3000] lr=fr=0.056376
  [1952/3000] lr=fr=0.075186
  [1904/3000] lr=fr=0.007664
  [1934/3000] lr=fr=0.002655
  [1940/3000] lr=fr=0.022107
  [1910/3000] lr=fr=0.071527
  [1539/3000] lr=fr=0.054995
  [2287/3000] lr=fr=0.051092
  [1958/3000] lr=fr=0.017760
  [1964/3000] lr=fr=0.022727
  [1988/3000] lr=fr=0.076154
  [1928/3000] lr=fr=0.075221
  [1970/3000] lr=fr=0.054547
  [2293/3000] lr=fr=0.090282
  [2000/3000] lr=fr=0.024878
  [1545/3000] lr=fr=0.044314
  [2006/3000] lr=fr=0.005826
  [1976/3000] lr=fr=0.021077
  [1994/3000] lr=fr=0.068562
  [1551/3000] lr=fr=0.034021
  [2054/3000] lr=fr=0.018551
  [2024/3000] lr=fr=0.045447
  [2084/3000] lr=fr=0.049880
  [2299/3000] lr=fr=0.034353
  [2012/3000] lr=fr=0.036512
  [1569/3000] lr=fr=0.005923
  [2036/3000] lr=fr=0.059370
  [2048/3000] lr=fr=0.026041
  [1982/3000] lr=fr=0.014365
  [2018/3000] lr=fr=0.048376
  [2114/3000] lr=fr=0.067016
  [2090/3000] lr=fr=0.073940
  [2108/3000] lr=fr=0.059720
  [2066/3000] lr=fr=0.030994
  [1557/3000] lr=fr=0.091392
  [2102/3000] lr=fr=0.082261
  [2078/3000] lr=fr=0.009735
  [2042/3000] lr=fr=0.090464
  [2072/3000] lr=fr=0.028061
  [2030/3000] lr=fr=0.057486
  [2060/3000] lr=fr=0.068780
  [1581/3000] lr=fr=0.028782
  [2096/3000] lr=fr=0.099678
  [2120/3000] lr=fr=0.065429
  [1563/3000] lr=fr=0.039957
  [1623/3000] lr=fr=0.052896
  [2144/3000] lr=fr=0.087375
  [2132/3000] lr=fr=0.094215
  [2150/3000] lr=fr=0.013761
  [1647/3000] lr=fr=0.049855
  [1599/3000] lr=fr=0.074202
  [1575/3000] lr=fr=0.023928
  [2126/3000] lr=fr=0.047925
  [1617/3000] lr=fr=0.058477
  [2138/3000] lr=fr=0.086951
  [1587/3000] lr=fr=0.041490
  [1611/3000] lr=fr=0.018984
  [2168/3000] lr=fr=0.058351
  [2174/3000] lr=fr=0.043746
  [1593/3000] lr=fr=0.093296
  [2156/3000] lr=fr=0.008899
  [2162/3000] lr=fr=0.049367
  [1605/3000] lr=fr=0.030723
  [1629/3000] lr=fr=0.034203
  [1641/3000] lr=fr=0.025694
  [1653/3000] lr=fr=0.047837
  [2186/3000] lr=fr=0.092427
  [1635/3000] lr=fr=0.081847
  [2180/3000] lr=fr=0.031651
  [1683/3000] lr=fr=0.089237
  [1659/3000] lr=fr=0.058199
  [1689/3000] lr=fr=0.037377
  [1719/3000] lr=fr=0.079275
  [2192/3000] lr=fr=0.061051
  [2198/3000] lr=fr=0.059027
  [1701/3000] lr=fr=0.075861
  [1731/3000] lr=fr=0.037010
  [1713/3000] lr=fr=0.047856
  [1665/3000] lr=fr=0.077424
  [2222/3000] lr=fr=0.051764
  [1725/3000] lr=fr=0.062551
  [1695/3000] lr=fr=0.015501
  [1833/3000] lr=fr=0.069125
  [2210/3000] lr=fr=0.078993
  [2204/3000] lr=fr=0.094624
  [1677/3000] lr=fr=0.038775
  [2216/3000] lr=fr=0.074792
  [1749/3000] lr=fr=0.049704
  [2234/3000] lr=fr=0.026902
  [2228/3000] lr=fr=0.008979
  [1737/3000] lr=fr=0.067111
  [1707/3000] lr=fr=0.081752
  [1671/3000] lr=fr=0.095791
  [1779/3000] lr=fr=0.057439
  [1767/3000] lr=fr=0.016741
  [1761/3000] lr=fr=0.070791
  [1755/3000] lr=fr=0.081701
  [2240/3000] lr=fr=0.028842
  [1815/3000] lr=fr=0.074462
  [1851/3000] lr=fr=0.003246
  [1827/3000] lr=fr=0.003183
  [1773/3000] lr=fr=0.078119
  [1845/3000] lr=fr=0.023832
  [1785/3000] lr=fr=0.024662
  [1743/3000] lr=fr=0.044235
  [1809/3000] lr=fr=0.006931
  [1797/3000] lr=fr=0.065499
  [1821/3000] lr=fr=0.045166
  [1791/3000] lr=fr=0.012009
  [1803/3000] lr=fr=0.040960
  [2258/3000] lr=fr=0.026261
  [1839/3000] lr=fr=0.042357
  [2252/3000] lr=fr=0.067599
  [1857/3000] lr=fr=0.049052
  [1893/3000] lr=fr=0.054410
  [1540/3000] lr=fr=0.080809
  [2246/3000] lr=fr=0.098382
  [1863/3000] lr=fr=0.042690
  [1875/3000] lr=fr=0.067464
  [1887/3000] lr=fr=0.032314
  [1905/3000] lr=fr=0.097589
  [1869/3000] lr=fr=0.010566
  [1935/3000] lr=fr=0.071327
  [1953/3000] lr=fr=0.087430
  [1947/3000] lr=fr=0.065647
  [1899/3000] lr=fr=0.019765
  [2264/3000] lr=fr=0.091688
  [2276/3000] lr=fr=0.003586
  [1917/3000] lr=fr=0.076915
  [1923/3000] lr=fr=0.099460
  [1929/3000] lr=fr=0.089644
  [1941/3000] lr=fr=0.069846
  [1971/3000] lr=fr=0.015224
  [2270/3000] lr=fr=0.066191
  [1881/3000] lr=fr=0.055793
  [1989/3000] lr=fr=0.018601
  [1965/3000] lr=fr=0.033500
  [1977/3000] lr=fr=0.035397
  [2282/3000] lr=fr=0.012714
  [1959/3000] lr=fr=0.045685
  [1995/3000] lr=fr=0.075468
  [1546/3000] lr=fr=0.082631
  [1911/3000] lr=fr=0.062671
  [2001/3000] lr=fr=0.013961
  [2013/3000] lr=fr=0.098579
  [2288/3000] lr=fr=0.002148
  [2007/3000] lr=fr=0.051213
  [1570/3000] lr=fr=0.020280
  [2085/3000] lr=fr=0.043178
  [1552/3000] lr=fr=0.076500
  [2294/3000] lr=fr=0.079383
  [2025/3000] lr=fr=0.077087
  [2019/3000] lr=fr=0.030470
  [2115/3000] lr=fr=0.019262
  [2103/3000] lr=fr=0.041255
  [1582/3000] lr=fr=0.074151
  [2145/3000] lr=fr=0.091794
  [2067/3000] lr=fr=0.043692
  [2109/3000] lr=fr=0.080437
  [2300/3000] lr=fr=0.001316
  [2055/3000] lr=fr=0.058676
  [1624/3000] lr=fr=0.093415
  [2037/3000] lr=fr=0.061809
  [2151/3000] lr=fr=0.051640
  [2091/3000] lr=fr=0.072931
  [1648/3000] lr=fr=0.099854
  [2031/3000] lr=fr=0.052680
  [1983/3000] lr=fr=0.089623
  [1600/3000] lr=fr=0.066877
  [2127/3000] lr=fr=0.060146
  [2043/3000] lr=fr=0.064667
  [2139/3000] lr=fr=0.042804
  [2049/3000] lr=fr=0.053388
  [1588/3000] lr=fr=0.071863
  [2061/3000] lr=fr=0.008084
  [2073/3000] lr=fr=0.050490
  [1618/3000] lr=fr=0.092101
  [2097/3000] lr=fr=0.094319
  [1558/3000] lr=fr=0.077617
  [2079/3000] lr=fr=0.001850
  [2163/3000] lr=fr=0.073755
  [2121/3000] lr=fr=0.016563
  [1564/3000] lr=fr=0.087503
  [1576/3000] lr=fr=0.029356
  [2169/3000] lr=fr=0.008038
  [1594/3000] lr=fr=0.075513
  [2133/3000] lr=fr=0.074624
  [2157/3000] lr=fr=0.070452
  [1612/3000] lr=fr=0.010132
  [2175/3000] lr=fr=0.013191
  [1606/3000] lr=fr=0.092837
  [1660/3000] lr=fr=0.014805
  [1654/3000] lr=fr=0.088506
  [1684/3000] lr=fr=0.098165
  [1642/3000] lr=fr=0.043322
  [1636/3000] lr=fr=0.069262
  [1690/3000] lr=fr=0.051177
  [2187/3000] lr=fr=0.082994
  [1630/3000] lr=fr=0.037933
  [1720/3000] lr=fr=0.030533
  [1702/3000] lr=fr=0.024227
  [2181/3000] lr=fr=0.055190
  [1732/3000] lr=fr=0.066736
  [1726/3000] lr=fr=0.037959
  [1714/3000] lr=fr=0.061455
  [2193/3000] lr=fr=0.034699
  [1666/3000] lr=fr=0.056125
  [2211/3000] lr=fr=0.072754
  [1768/3000] lr=fr=0.067674
  [2199/3000] lr=fr=0.083944
  [1834/3000] lr=fr=0.014163
  [1696/3000] lr=fr=0.083170
  [1678/3000] lr=fr=0.091875
  [2205/3000] lr=fr=0.083791
  [1780/3000] lr=fr=0.035680
  [2223/3000] lr=fr=0.011380
  [1762/3000] lr=fr=0.071461
  [1738/3000] lr=fr=0.040018
  [2217/3000] lr=fr=0.007984
  [1708/3000] lr=fr=0.010860
  [1750/3000] lr=fr=0.056606
  [1816/3000] lr=fr=0.012696
  [1672/3000] lr=fr=0.058079
  [1852/3000] lr=fr=0.089703
  [2235/3000] lr=fr=0.057919
  [1756/3000] lr=fr=0.082407
  [1804/3000] lr=fr=0.014127
  [1822/3000] lr=fr=0.049029
  [2229/3000] lr=fr=0.043814
  [1774/3000] lr=fr=0.076447
  [1846/3000] lr=fr=0.003312
  [1828/3000] lr=fr=0.095309
  [1786/3000] lr=fr=0.078031
  [1798/3000] lr=fr=0.042432
  [2241/3000] lr=fr=0.063780
  [1744/3000] lr=fr=0.006183
  [1876/3000] lr=fr=0.052250
  [1810/3000] lr=fr=0.005216
  [1840/3000] lr=fr=0.036259
  [1792/3000] lr=fr=0.043352
  [2259/3000] lr=fr=0.054226
  [1858/3000] lr=fr=0.090980
  [1870/3000] lr=fr=0.003389
  [1936/3000] lr=fr=0.069977
  [1954/3000] lr=fr=0.044781
  [1906/3000] lr=fr=0.012596
  [2247/3000] lr=fr=0.090845
  [1894/3000] lr=fr=0.067349
  [1900/3000] lr=fr=0.087181
  [1541/3000] lr=fr=0.058819
  [1864/3000] lr=fr=0.030562
  [1924/3000] lr=fr=0.069547
  [1930/3000] lr=fr=0.066630
  [2253/3000] lr=fr=0.015196
  [1918/3000] lr=fr=0.094652
  [2014/3000] lr=fr=0.090794
  [1972/3000] lr=fr=0.070718
  [1948/3000] lr=fr=0.013035
  [1942/3000] lr=fr=0.024579
  [2265/3000] lr=fr=0.004689
  [1882/3000] lr=fr=0.045359
  [1888/3000] lr=fr=0.012441
  [1990/3000] lr=fr=0.003025
  [1960/3000] lr=fr=0.003901
  [2277/3000] lr=fr=0.059411
  [1966/3000] lr=fr=0.037147
  [1996/3000] lr=fr=0.007362
  [1978/3000] lr=fr=0.035161
  [1547/3000] lr=fr=0.086505
  [2116/3000] lr=fr=0.088901
  [2002/3000] lr=fr=0.098957
  [2283/3000] lr=fr=0.025442
  [1553/3000] lr=fr=0.067841
  [1571/3000] lr=fr=0.031722
  [1625/3000] lr=fr=0.017562
  [2086/3000] lr=fr=0.007623
  [2020/3000] lr=fr=0.021026
  [2271/3000] lr=fr=0.049479
  [2026/3000] lr=fr=0.094535
  [1912/3000] lr=fr=0.025253
  [2289/3000] lr=fr=0.023108
  [1583/3000] lr=fr=0.026108
  [2146/3000] lr=fr=0.085607
  [2056/3000] lr=fr=0.070901
  [2128/3000] lr=fr=0.047069
  [1649/3000] lr=fr=0.083902
  [2140/3000] lr=fr=0.070169
  [2295/3000] lr=fr=0.065744
  [2008/3000] lr=fr=0.092476
  [2068/3000] lr=fr=0.089197
  [2104/3000] lr=fr=0.034432
  [2301/3000] lr=fr=0.041846
  [2044/3000] lr=fr=0.087801
  [2110/3000] lr=fr=0.024183
  [2152/3000] lr=fr=0.010302
  [1589/3000] lr=fr=0.068942
  [2092/3000] lr=fr=0.074369
  [2164/3000] lr=fr=0.076781
  [1601/3000] lr=fr=0.001046
  [2038/3000] lr=fr=0.058218
  [1619/3000] lr=fr=0.064073
  [2032/3000] lr=fr=0.001922
  [2176/3000] lr=fr=0.066975
  [2170/3000] lr=fr=0.063845
  [2050/3000] lr=fr=0.085248
  [1559/3000] lr=fr=0.046279
  [2062/3000] lr=fr=0.030039
  [2188/3000] lr=fr=0.077661
  [1565/3000] lr=fr=0.040833
  [2074/3000] lr=fr=0.069049
  [2158/3000] lr=fr=0.074975
  [1607/3000] lr=fr=0.060465
  [1595/3000] lr=fr=0.086413
  [2122/3000] lr=fr=0.033393
  [1984/3000] lr=fr=0.078207
  [2134/3000] lr=fr=0.096017
  [1577/3000] lr=fr=0.006295
  [2080/3000] lr=fr=0.010633
  [2194/3000] lr=fr=0.025209
  [2098/3000] lr=fr=0.078261
  [1655/3000] lr=fr=0.008401
  [1637/3000] lr=fr=0.055679
  [1661/3000] lr=fr=0.079023
  [1643/3000] lr=fr=0.053137
  [1691/3000] lr=fr=0.084283
  [1685/3000] lr=fr=0.060690
  [1613/3000] lr=fr=0.057418
  [1727/3000] lr=fr=0.054142
  [1769/3000] lr=fr=0.014974
  [1703/3000] lr=fr=0.000638
  [1721/3000] lr=fr=0.026010
  [1631/3000] lr=fr=0.058893
  [2182/3000] lr=fr=0.006084
  [1667/3000] lr=fr=0.049303
  [1715/3000] lr=fr=0.088460
  [1781/3000] lr=fr=0.058037
  [2206/3000] lr=fr=0.035712
  [1739/3000] lr=fr=0.038480
  [1733/3000] lr=fr=0.010145
  [1679/3000] lr=fr=0.066376
  [1697/3000] lr=fr=0.040284
  [1835/3000] lr=fr=0.083328
  [1763/3000] lr=fr=0.068134
  [2200/3000] lr=fr=0.038963
  [1757/3000] lr=fr=0.086028
  [2212/3000] lr=fr=0.078902
  [2218/3000] lr=fr=0.071401
  [1817/3000] lr=fr=0.072280
  [1751/3000] lr=fr=0.074807
  [1709/3000] lr=fr=0.054280
  [1745/3000] lr=fr=0.041811
  [1859/3000] lr=fr=0.025930
  [1805/3000] lr=fr=0.083277
  [1823/3000] lr=fr=0.097769
  [2236/3000] lr=fr=0.018898
  [2224/3000] lr=fr=0.030778
  [1775/3000] lr=fr=0.008198
  [1673/3000] lr=fr=0.041919
  [1853/3000] lr=fr=0.089879
  [1829/3000] lr=fr=0.005432
  [1799/3000] lr=fr=0.029951
  [1787/3000] lr=fr=0.022281
  [2230/3000] lr=fr=0.051609
  [1925/3000] lr=fr=0.035963
  [1877/3000] lr=fr=0.003915
  [1847/3000] lr=fr=0.040608
  [1793/3000] lr=fr=0.006053
  [1907/3000] lr=fr=0.018270
  [1871/3000] lr=fr=0.022459
  [1841/3000] lr=fr=0.080518
  [1889/3000] lr=fr=0.055929
  [1895/3000] lr=fr=0.031626
  [1955/3000] lr=fr=0.075561
  [1901/3000] lr=fr=0.035206
  [2015/3000] lr=fr=0.056522
  [1919/3000] lr=fr=0.000034
  [1973/3000] lr=fr=0.034510
  [1943/3000] lr=fr=0.011683
  [2242/3000] lr=fr=0.041669
  [1931/3000] lr=fr=0.003540
  [1865/3000] lr=fr=0.099758
  [1937/3000] lr=fr=0.052136
  [1949/3000] lr=fr=0.013099
  [1811/3000] lr=fr=0.039820
  [1883/3000] lr=fr=0.020059
  [1542/3000] lr=fr=0.096759
  [1961/3000] lr=fr=0.014933
  [2260/3000] lr=fr=0.065780
  [2248/3000] lr=fr=0.002794
  [2254/3000] lr=fr=0.049794
  [1967/3000] lr=fr=0.012864
  [2266/3000] lr=fr=0.034168
  [1572/3000] lr=fr=0.028816
  [1554/3000] lr=fr=0.051385
  [2003/3000] lr=fr=0.099171
  [1991/3000] lr=fr=0.018283
  [1997/3000] lr=fr=0.058646
  [1548/3000] lr=fr=0.036873
  [1979/3000] lr=fr=0.084439
  [2278/3000] lr=fr=0.085766
  [2117/3000] lr=fr=0.052377
  [2027/3000] lr=fr=0.087623
  [2021/3000] lr=fr=0.073709
  [2087/3000] lr=fr=0.011739
  [1650/3000] lr=fr=0.098464
  [2284/3000] lr=fr=0.042279
  [1626/3000] lr=fr=0.030363
  [2147/3000] lr=fr=0.074769
  [2129/3000] lr=fr=0.054776
  [2141/3000] lr=fr=0.056657
  [2057/3000] lr=fr=0.041138
  [1584/3000] lr=fr=0.007723
  [2009/3000] lr=fr=0.015282
  [2272/3000] lr=fr=0.001385
  [1913/3000] lr=fr=0.037692
  [2069/3000] lr=fr=0.033091
  [2171/3000] lr=fr=0.039786
  [2153/3000] lr=fr=0.057734
  [2093/3000] lr=fr=0.011598
  [2105/3000] lr=fr=0.043139
  [2165/3000] lr=fr=0.026529
  [2302/3000] lr=fr=0.001208
  [2290/3000] lr=fr=0.065959
  [1602/3000] lr=fr=0.004274
  [2033/3000] lr=fr=0.065142
  [2296/3000] lr=fr=0.027571
  [2045/3000] lr=fr=0.069829
  [1614/3000] lr=fr=0.013839
  [2039/3000] lr=fr=0.097512
  [1590/3000] lr=fr=0.039871
  [1620/3000] lr=fr=0.029508
  [2177/3000] lr=fr=0.050349
  [2189/3000] lr=fr=0.070259
  [2159/3000] lr=fr=0.083393
  [1608/3000] lr=fr=0.073058
  [2195/3000] lr=fr=0.099937
  [1560/3000] lr=fr=0.014244
  [2081/3000] lr=fr=0.046549
  [1704/3000] lr=fr=0.060297
  [2051/3000] lr=fr=0.039566
  [1566/3000] lr=fr=0.060053
  [2111/3000] lr=fr=0.093220
  [2075/3000] lr=fr=0.004805
  [2063/3000] lr=fr=0.006529
  [2135/3000] lr=fr=0.037786
  [1578/3000] lr=fr=0.040871
  [1638/3000] lr=fr=0.052619
  [1692/3000] lr=fr=0.007056
  [1656/3000] lr=fr=0.034649
  [1662/3000] lr=fr=0.047801
  [1686/3000] lr=fr=0.080024
  [2123/3000] lr=fr=0.034489
  [1596/3000] lr=fr=0.056719
  [1985/3000] lr=fr=0.000747
  [2099/3000] lr=fr=0.029211
  [1644/3000] lr=fr=0.071151
  [1668/3000] lr=fr=0.088946
  [2183/3000] lr=fr=0.093245
  [1728/3000] lr=fr=0.021595
  [1722/3000] lr=fr=0.065517
  [1632/3000] lr=fr=0.038853
  [1770/3000] lr=fr=0.093045
  [1734/3000] lr=fr=0.089527
  [1782/3000] lr=fr=0.011616
  [2207/3000] lr=fr=0.087019
  [1716/3000] lr=fr=0.075869
  [1836/3000] lr=fr=0.065275
  [1764/3000] lr=fr=0.009964
  [1740/3000] lr=fr=0.039204
  [1680/3000] lr=fr=0.068859
  [2213/3000] lr=fr=0.083530
  [2201/3000] lr=fr=0.092367
  [1830/3000] lr=fr=0.071066
  [1698/3000] lr=fr=0.021882
  [1818/3000] lr=fr=0.040679
  [1758/3000] lr=fr=0.072136
  [1878/3000] lr=fr=0.041599
  [1752/3000] lr=fr=0.027721
  [1860/3000] lr=fr=0.067059
  [1824/3000] lr=fr=0.076816
  [1800/3000] lr=fr=0.009161
  [1746/3000] lr=fr=0.009927
  [1806/3000] lr=fr=0.040309
  [1776/3000] lr=fr=0.025541
  [1788/3000] lr=fr=0.067288
  [2219/3000] lr=fr=0.090627
  [1710/3000] lr=fr=0.056827
  [1854/3000] lr=fr=0.079447
  [1848/3000] lr=fr=0.008689
  [2225/3000] lr=fr=0.092807
  [2237/3000] lr=fr=0.023236
  [1890/3000] lr=fr=0.041676
  [1908/3000] lr=fr=0.028455
  [1926/3000] lr=fr=0.004447
  [1920/3000] lr=fr=0.007418
  [1974/3000] lr=fr=0.002964
  [1842/3000] lr=fr=0.000687
  [1794/3000] lr=fr=0.008640
  [2231/3000] lr=fr=0.061549
  [1944/3000] lr=fr=0.040146
  [1956/3000] lr=fr=0.024497
  [1674/3000] lr=fr=0.078307
  [1896/3000] lr=fr=0.082106
  [1812/3000] lr=fr=0.000059
  [1872/3000] lr=fr=0.011779
  [1884/3000] lr=fr=0.042308
  [1866/3000] lr=fr=0.032873
  [1902/3000] lr=fr=0.065106
  [2016/3000] lr=fr=0.089298
  [2243/3000] lr=fr=0.031878
  [1932/3000] lr=fr=0.039320
  [2305/3000] lr=fr=0.041436
  [1938/3000] lr=fr=0.098891
  [1968/3000] lr=fr=0.021694
  [2261/3000] lr=fr=0.085968
  [2311/3000] lr=fr=0.072268
  [1950/3000] lr=fr=0.040507
  [1998/3000] lr=fr=0.046674
  [2317/3000] lr=fr=0.053332
  [1992/3000] lr=fr=0.045104
  [1962/3000] lr=fr=0.050964
  [2004/3000] lr=fr=0.030142
  [2118/3000] lr=fr=0.042737
  [2323/3000] lr=fr=0.073820
  [2028/3000] lr=fr=0.068231
  [2329/3000] lr=fr=0.009196
  [2148/3000] lr=fr=0.044682
  [2255/3000] lr=fr=0.061421
  [2335/3000] lr=fr=0.054183
  [2142/3000] lr=fr=0.044904
  [1980/3000] lr=fr=0.056258
  [2088/3000] lr=fr=0.083134
  [2279/3000] lr=fr=0.063743
  [2022/3000] lr=fr=0.065198
  [2130/3000] lr=fr=0.033869
  [2267/3000] lr=fr=0.094838
  [2249/3000] lr=fr=0.082847
  [2010/3000] lr=fr=0.019984
  [2285/3000] lr=fr=0.003243
  [2058/3000] lr=fr=0.022769
  [2341/3000] lr=fr=0.060113
  [2070/3000] lr=fr=0.073200
  [2172/3000] lr=fr=0.087928
  [2106/3000] lr=fr=0.009507
  [2094/3000] lr=fr=0.082679
  [2347/3000] lr=fr=0.008841
  [2040/3000] lr=fr=0.064754
  [1914/3000] lr=fr=0.067709
  [2166/3000] lr=fr=0.060033
  [2154/3000] lr=fr=0.031676
  [2034/3000] lr=fr=0.095277
  [2353/3000] lr=fr=0.036757
  [2273/3000] lr=fr=0.065926
  [2291/3000] lr=fr=0.067394
  [2046/3000] lr=fr=0.090426
  [2303/3000] lr=fr=0.091258
  [2082/3000] lr=fr=0.052154
  [2359/3000] lr=fr=0.074410
  [2365/3000] lr=fr=0.055333
  [2371/3000] lr=fr=0.020141
  [2196/3000] lr=fr=0.099992
  [2377/3000] lr=fr=0.011076
  [2383/3000] lr=fr=0.041391
  [2112/3000] lr=fr=0.005348
  [2297/3000] lr=fr=0.072649
  [2178/3000] lr=fr=0.055432
  [2389/3000] lr=fr=0.086620
  [2160/3000] lr=fr=0.019596
  [2190/3000] lr=fr=0.018040
  [2395/3000] lr=fr=0.089041
  [2401/3000] lr=fr=0.016229
  [2407/3000] lr=fr=0.041460
  [2413/3000] lr=fr=0.091133
  [2419/3000] lr=fr=0.027078
  [2425/3000] lr=fr=0.069434
  [2052/3000] lr=fr=0.076348
  [2064/3000] lr=fr=0.042181
  [2076/3000] lr=fr=0.021663
  [2431/3000] lr=fr=0.078670
  [2437/3000] lr=fr=0.022044
  [2443/3000] lr=fr=0.007035
  [1986/3000] lr=fr=0.061191
  [2449/3000] lr=fr=0.083041
  [2455/3000] lr=fr=0.097440
  [2184/3000] lr=fr=0.039650
  [2461/3000] lr=fr=0.064368
  [2467/3000] lr=fr=0.086546
  [2136/3000] lr=fr=0.000296
  [2473/3000] lr=fr=0.002523
  [2479/3000] lr=fr=0.054341
  [2124/3000] lr=fr=0.082093
  [2100/3000] lr=fr=0.097828
  [2485/3000] lr=fr=0.032396
  [2491/3000] lr=fr=0.049815
  [2497/3000] lr=fr=0.091217
  [2503/3000] lr=fr=0.036578
  [2509/3000] lr=fr=0.069911
  [2515/3000] lr=fr=0.055052
  [2521/3000] lr=fr=0.063325
  [2208/3000] lr=fr=0.059831
  [2214/3000] lr=fr=0.004068
  [2527/3000] lr=fr=0.024636
  [2533/3000] lr=fr=0.008338
  [2539/3000] lr=fr=0.053638
  [2545/3000] lr=fr=0.070200
  [2551/3000] lr=fr=0.061852
  [2557/3000] lr=fr=0.046034
  [2563/3000] lr=fr=0.023009
  [2569/3000] lr=fr=0.005331
  [2575/3000] lr=fr=0.033337
  [2581/3000] lr=fr=0.081063
  [2587/3000] lr=fr=0.085314
  [2593/3000] lr=fr=0.013146
  [2202/3000] lr=fr=0.034471
  [2220/3000] lr=fr=0.053427
  [2599/3000] lr=fr=0.094761
  [2605/3000] lr=fr=0.059606
  [2611/3000] lr=fr=0.029687
  [2617/3000] lr=fr=0.093201
  [2623/3000] lr=fr=0.032167
  [2629/3000] lr=fr=0.077308
  [2635/3000] lr=fr=0.064115
  [2641/3000] lr=fr=0.043774
  [2647/3000] lr=fr=0.059396
  [2238/3000] lr=fr=0.043476
  [2653/3000] lr=fr=0.020652
  [2659/3000] lr=fr=0.025773
  [2665/3000] lr=fr=0.076403
  [2671/3000] lr=fr=0.019050
  [2677/3000] lr=fr=0.030094
  [2226/3000] lr=fr=0.066687
  [2683/3000] lr=fr=0.038270
  [2232/3000] lr=fr=0.020207
  [2689/3000] lr=fr=0.091581
  [2695/3000] lr=fr=0.040570
  [2324/3000] lr=fr=0.034770
  [2701/3000] lr=fr=0.045215
  [2707/3000] lr=fr=0.086500
  [2713/3000] lr=fr=0.062599
  [2719/3000] lr=fr=0.040394
  [2306/3000] lr=fr=0.052744
  [2725/3000] lr=fr=0.014991
  [2731/3000] lr=fr=0.053820
  [2318/3000] lr=fr=0.083889
  [2737/3000] lr=fr=0.089022
  [2262/3000] lr=fr=0.012144
  [2743/3000] lr=fr=0.097071
  [2330/3000] lr=fr=0.029571
  [2749/3000] lr=fr=0.046356
  [2312/3000] lr=fr=0.084001
  [2755/3000] lr=fr=0.030197
  [2761/3000] lr=fr=0.033121
  [2244/3000] lr=fr=0.036436
  [2767/3000] lr=fr=0.069103
  [2773/3000] lr=fr=0.015707
  [2779/3000] lr=fr=0.084539
  [2785/3000] lr=fr=0.006771
  [2791/3000] lr=fr=0.074504
  [2797/3000] lr=fr=0.051135
  [2256/3000] lr=fr=0.068063
  [2336/3000] lr=fr=0.019482
  [2342/3000] lr=fr=0.086711
  [2803/3000] lr=fr=0.007325
  [2809/3000] lr=fr=0.033618
  [2815/3000] lr=fr=0.015397
  [2821/3000] lr=fr=0.093326
  [2827/3000] lr=fr=0.018156
  [2286/3000] lr=fr=0.046234
  [2833/3000] lr=fr=0.008530
  [2839/3000] lr=fr=0.089861
  [2280/3000] lr=fr=0.082640
  [2845/3000] lr=fr=0.055290
  [2851/3000] lr=fr=0.068036
  [2348/3000] lr=fr=0.047757
  [2857/3000] lr=fr=0.057561
  [2250/3000] lr=fr=0.089985
  [2268/3000] lr=fr=0.072864
  [2354/3000] lr=fr=0.088294
  [2360/3000] lr=fr=0.047484
  [2863/3000] lr=fr=0.071598
  [2869/3000] lr=fr=0.054056
  [2304/3000] lr=fr=0.057301
  [2875/3000] lr=fr=0.057259
  [2881/3000] lr=fr=0.057637
  [2887/3000] lr=fr=0.004933
  [2893/3000] lr=fr=0.099629
  [2366/3000] lr=fr=0.095978
  [2292/3000] lr=fr=0.093469
  [2420/3000] lr=fr=0.036638
  [2396/3000] lr=fr=0.057768
  [2402/3000] lr=fr=0.058760
  [2378/3000] lr=fr=0.044503
  [2899/3000] lr=fr=0.092683
  [2274/3000] lr=fr=0.092510
  [2372/3000] lr=fr=0.070610
  [2905/3000] lr=fr=0.014340
  [2911/3000] lr=fr=0.061981
  [2917/3000] lr=fr=0.041191
  [2390/3000] lr=fr=0.092180
  [2426/3000] lr=fr=0.023795
  [2414/3000] lr=fr=0.060932
  [2298/3000] lr=fr=0.083573
  [2432/3000] lr=fr=0.076318
  [2384/3000] lr=fr=0.038588
  [2408/3000] lr=fr=0.086912
  [2923/3000] lr=fr=0.030506
  [2456/3000] lr=fr=0.017459
  [2929/3000] lr=fr=0.008662
  [2468/3000] lr=fr=0.046073
  [2444/3000] lr=fr=0.017193
  [2438/3000] lr=fr=0.039424
  [2486/3000] lr=fr=0.095471
  [2480/3000] lr=fr=0.052487
  [2935/3000] lr=fr=0.064511
  [2492/3000] lr=fr=0.050713
  [2462/3000] lr=fr=0.056148
  [2941/3000] lr=fr=0.005447
  [2450/3000] lr=fr=0.041166
  [2947/3000] lr=fr=0.088970
  [2498/3000] lr=fr=0.002942
  [2953/3000] lr=fr=0.094453
  [2516/3000] lr=fr=0.002292
  [2564/3000] lr=fr=0.094700
  [2504/3000] lr=fr=0.077791
  [2474/3000] lr=fr=0.064015
  [2552/3000] lr=fr=0.011538
  [2959/3000] lr=fr=0.052456
  [2588/3000] lr=fr=0.074240
  [2965/3000] lr=fr=0.045810
  [2594/3000] lr=fr=0.029315
  [2576/3000] lr=fr=0.050091
  [2534/3000] lr=fr=0.030634
  [2522/3000] lr=fr=0.011009
  [2510/3000] lr=fr=0.085987
  [2558/3000] lr=fr=0.068289
  [2971/3000] lr=fr=0.033410
  [2546/3000] lr=fr=0.036282
  [2528/3000] lr=fr=0.094018
  [2606/3000] lr=fr=0.068001
  [2582/3000] lr=fr=0.010237
  [2570/3000] lr=fr=0.093866
  [2540/3000] lr=fr=0.006734
  [2600/3000] lr=fr=0.064002
  [2618/3000] lr=fr=0.080935
  [2977/3000] lr=fr=0.086240
  [2612/3000] lr=fr=0.089758
  [2642/3000] lr=fr=0.039928
  [2636/3000] lr=fr=0.065572
  [2624/3000] lr=fr=0.067628
  [2630/3000] lr=fr=0.057515
  [2678/3000] lr=fr=0.020780
  [2983/3000] lr=fr=0.024310
  [2648/3000] lr=fr=0.083447
  [2672/3000] lr=fr=0.051506
  [2989/3000] lr=fr=0.055820
  [2654/3000] lr=fr=0.062646
  [2660/3000] lr=fr=0.061713
  [2666/3000] lr=fr=0.056454
  [2995/3000] lr=fr=0.041229
  [2690/3000] lr=fr=0.048124
  [2684/3000] lr=fr=0.006246
  [2750/3000] lr=fr=0.023361
  [2696/3000] lr=fr=0.020939
  [2714/3000] lr=fr=0.001002
  [2325/3000] lr=fr=0.072329
  [2708/3000] lr=fr=0.010183
  [2738/3000] lr=fr=0.096804
  [2726/3000] lr=fr=0.015360
  [2313/3000] lr=fr=0.035541
  [2331/3000] lr=fr=0.071876
  [2319/3000] lr=fr=0.034377
  [2744/3000] lr=fr=0.073460
  [2307/3000] lr=fr=0.021953
  [2702/3000] lr=fr=0.077243
  [2762/3000] lr=fr=0.081644
  [2780/3000] lr=fr=0.089485
  [2720/3000] lr=fr=0.062040
  [2756/3000] lr=fr=0.013314
  [2732/3000] lr=fr=0.096121
  [2792/3000] lr=fr=0.019717
  [2337/3000] lr=fr=0.008043
  [2774/3000] lr=fr=0.031487
  [2768/3000] lr=fr=0.089205
  [2343/3000] lr=fr=0.073596
  [2786/3000] lr=fr=0.029459
  [2804/3000] lr=fr=0.000651
  [2798/3000] lr=fr=0.070394
  [2846/3000] lr=fr=0.076968
  [2810/3000] lr=fr=0.025982
  [2852/3000] lr=fr=0.092022
  [2816/3000] lr=fr=0.095226
  [2840/3000] lr=fr=0.075314
  [2828/3000] lr=fr=0.047278
  [2349/3000] lr=fr=0.096294
  [2822/3000] lr=fr=0.000587
  [2858/3000] lr=fr=0.044609
  [2834/3000] lr=fr=0.044985
  [2882/3000] lr=fr=0.093117
  [2379/3000] lr=fr=0.073880
  [2367/3000] lr=fr=0.022325
  [2888/3000] lr=fr=0.000976
  [2870/3000] lr=fr=0.040782
  [2403/3000] lr=fr=0.040576
  [2397/3000] lr=fr=0.013930
  [2373/3000] lr=fr=0.080334
  [2894/3000] lr=fr=0.012831
  [2912/3000] lr=fr=0.074020
  [2355/3000] lr=fr=0.066932
  [2361/3000] lr=fr=0.050754
  [2427/3000] lr=fr=0.006350
  [2421/3000] lr=fr=0.050309
  [2900/3000] lr=fr=0.063690
  [2385/3000] lr=fr=0.023181
  [2936/3000] lr=fr=0.044524
  [2415/3000] lr=fr=0.060097
  [2445/3000] lr=fr=0.046159
  [2409/3000] lr=fr=0.017706
  [2876/3000] lr=fr=0.047580
  [2942/3000] lr=fr=0.086335
  [2864/3000] lr=fr=0.066749
  [2391/3000] lr=fr=0.074387
  [2481/3000] lr=fr=0.011140
  [2487/3000] lr=fr=0.051270
  [2918/3000] lr=fr=0.036378
  [2439/3000] lr=fr=0.095642
  [2463/3000] lr=fr=0.046389
  [2930/3000] lr=fr=0.095140
  [2469/3000] lr=fr=0.045016
  [2433/3000] lr=fr=0.053532
  [2924/3000] lr=fr=0.064290
  [2589/3000] lr=fr=0.032235
  [2906/3000] lr=fr=0.003169
  [2493/3000] lr=fr=0.084521
  [2948/3000] lr=fr=0.063634
  [2559/3000] lr=fr=0.066204
  [2457/3000] lr=fr=0.058382
  [2577/3000] lr=fr=0.095109
  [2517/3000] lr=fr=0.088753
  [2451/3000] lr=fr=0.095052
  [2523/3000] lr=fr=0.041968
  [2637/3000] lr=fr=0.079618
  [2607/3000] lr=fr=0.069891
  [2529/3000] lr=fr=0.052726
  [2535/3000] lr=fr=0.093994
  [2475/3000] lr=fr=0.001761
  [2583/3000] lr=fr=0.033208
  [2954/3000] lr=fr=0.016626
  [2499/3000] lr=fr=0.038020
  [2643/3000] lr=fr=0.037513
  [2505/3000] lr=fr=0.034845
  [2565/3000] lr=fr=0.061137
  [2547/3000] lr=fr=0.085056
  [2553/3000] lr=fr=0.049309
  [2595/3000] lr=fr=0.047546
  [2960/3000] lr=fr=0.040183
  [2571/3000] lr=fr=0.056865
  [2978/3000] lr=fr=0.071357
  [2972/3000] lr=fr=0.048889
  [2511/3000] lr=fr=0.025105
  [2601/3000] lr=fr=0.064555
  [2966/3000] lr=fr=0.045602
  [2613/3000] lr=fr=0.011176
  [2619/3000] lr=fr=0.031132
  [2541/3000] lr=fr=0.009865
  [2685/3000] lr=fr=0.022616
  [2984/3000] lr=fr=0.048451
  [2625/3000] lr=fr=0.023649
  [2631/3000] lr=fr=0.095590
  [2661/3000] lr=fr=0.055234
  [2679/3000] lr=fr=0.081124
  [2320/3000] lr=fr=0.081826
  [2649/3000] lr=fr=0.093642
  [2739/3000] lr=fr=0.075496
  [2715/3000] lr=fr=0.063142
  [2655/3000] lr=fr=0.048033
  [2990/3000] lr=fr=0.066827
  [2308/3000] lr=fr=0.064929
  [2332/3000] lr=fr=0.033656
  [2781/3000] lr=fr=0.075281
  [2703/3000] lr=fr=0.037257
  [2763/3000] lr=fr=0.078952
  [2745/3000] lr=fr=0.003748
  [2667/3000] lr=fr=0.037547
  [2727/3000] lr=fr=0.023868
  [2691/3000] lr=fr=0.071652
  [2775/3000] lr=fr=0.068707
  [2847/3000] lr=fr=0.096790
  [2996/3000] lr=fr=0.023534
  [2733/3000] lr=fr=0.094169
  [2751/3000] lr=fr=0.085861
  [2793/3000] lr=fr=0.031305
  [2326/3000] lr=fr=0.079495
  [2709/3000] lr=fr=0.073015
  [2697/3000] lr=fr=0.071114
  [2314/3000] lr=fr=0.065218
  [2829/3000] lr=fr=0.007755
  [2673/3000] lr=fr=0.019413
  [2889/3000] lr=fr=0.072607
  [2721/3000] lr=fr=0.093361
  [2769/3000] lr=fr=0.095914
  [2817/3000] lr=fr=0.000377
  [2757/3000] lr=fr=0.007870
  [2344/3000] lr=fr=0.095894
  [2404/3000] lr=fr=0.017345
  [2338/3000] lr=fr=0.008808
  [2841/3000] lr=fr=0.076014
  [2799/3000] lr=fr=0.023964
  [2380/3000] lr=fr=0.088493
  [2805/3000] lr=fr=0.021377
  [2787/3000] lr=fr=0.021150
  [2811/3000] lr=fr=0.060230
  [2853/3000] lr=fr=0.020137
  [2883/3000] lr=fr=0.033830
  [2428/3000] lr=fr=0.033555
  [2410/3000] lr=fr=0.038636
  [2374/3000] lr=fr=0.068481
  [2578/3000] lr=fr=0.060548
  [2859/3000] lr=fr=0.059570
  [2392/3000] lr=fr=0.063595
  [2368/3000] lr=fr=0.060799
  [2350/3000] lr=fr=0.025280
  [2835/3000] lr=fr=0.028423
  [2823/3000] lr=fr=0.056101
  [2590/3000] lr=fr=0.081914
  [2398/3000] lr=fr=0.077933
  [2452/3000] lr=fr=0.082186
  [2494/3000] lr=fr=0.003436
  [2638/3000] lr=fr=0.025579
  [2422/3000] lr=fr=0.006839
  [2446/3000] lr=fr=0.024098
  [2362/3000] lr=fr=0.026424
  [2524/3000] lr=fr=0.046243
  [2416/3000] lr=fr=0.056051
  [2901/3000] lr=fr=0.089457
  [2440/3000] lr=fr=0.055847
  [2955/3000] lr=fr=0.089347
  [2596/3000] lr=fr=0.055610
  [2865/3000] lr=fr=0.023312
  [2464/3000] lr=fr=0.084033
  [2937/3000] lr=fr=0.011925
  [2895/3000] lr=fr=0.084399
  [2488/3000] lr=fr=0.022236
  [2356/3000] lr=fr=0.036008
  [2871/3000] lr=fr=0.056346
  [2530/3000] lr=fr=0.019659
  [2482/3000] lr=fr=0.093028
  [2931/3000] lr=fr=0.053279
  [2943/3000] lr=fr=0.052177
  [2560/3000] lr=fr=0.054655
  [2919/3000] lr=fr=0.087872
  [2913/3000] lr=fr=0.029003
  [2434/3000] lr=fr=0.061786
  [2386/3000] lr=fr=0.087739
  [2949/3000] lr=fr=0.066849
  [2584/3000] lr=fr=0.063649
  [2686/3000] lr=fr=0.097740
  [2608/3000] lr=fr=0.055267
  [2907/3000] lr=fr=0.097056
  [2470/3000] lr=fr=0.043269
  [2877/3000] lr=fr=0.006033
  [2644/3000] lr=fr=0.098425
  [2554/3000] lr=fr=0.057122
  [2740/3000] lr=fr=0.041767
  [2925/3000] lr=fr=0.004835
  [2716/3000] lr=fr=0.002610
  [2650/3000] lr=fr=0.069450
  [2782/3000] lr=fr=0.086114
  [2518/3000] lr=fr=0.055127
  [2321/3000] lr=fr=0.050823
  [2656/3000] lr=fr=0.046650
  [2506/3000] lr=fr=0.040343
  [2536/3000] lr=fr=0.014584
  [2309/3000] lr=fr=0.045775
  [2620/3000] lr=fr=0.097332
  [2476/3000] lr=fr=0.099497
  [2548/3000] lr=fr=0.013724
  [2764/3000] lr=fr=0.061483
  [2979/3000] lr=fr=0.033710
  [2458/3000] lr=fr=0.079365
  [2614/3000] lr=fr=0.063369
  [2542/3000] lr=fr=0.009670
  [2848/3000] lr=fr=0.044457
  [2572/3000] lr=fr=0.048684
  [2776/3000] lr=fr=0.003971
  [2500/3000] lr=fr=0.083004
  [2704/3000] lr=fr=0.034235
  [2668/3000] lr=fr=0.061399
  [2985/3000] lr=fr=0.019459
  [2662/3000] lr=fr=0.072885
  [2710/3000] lr=fr=0.090686
  [2692/3000] lr=fr=0.098863
  [2566/3000] lr=fr=0.052591
  [2734/3000] lr=fr=0.005716
  [2752/3000] lr=fr=0.058995
  [2632/3000] lr=fr=0.074564
  [2626/3000] lr=fr=0.063378
  [2602/3000] lr=fr=0.005303
  [2680/3000] lr=fr=0.002569
  [2746/3000] lr=fr=0.028403
  [2728/3000] lr=fr=0.061635
  [2961/3000] lr=fr=0.063725
  [2405/3000] lr=fr=0.017008
  [2973/3000] lr=fr=0.048561
  [2890/3000] lr=fr=0.036916
  [2818/3000] lr=fr=0.014764
  [2512/3000] lr=fr=0.084093
  [2967/3000] lr=fr=0.072413
  [2842/3000] lr=fr=0.046630
  [2381/3000] lr=fr=0.072523
  [2327/3000] lr=fr=0.063505
  [2794/3000] lr=fr=0.000777
  [2333/3000] lr=fr=0.083475
  [2830/3000] lr=fr=0.091498
  [2991/3000] lr=fr=0.022353
  [2698/3000] lr=fr=0.024846
  [2315/3000] lr=fr=0.030902
  [2997/3000] lr=fr=0.048438
  [2345/3000] lr=fr=0.004975
  [2579/3000] lr=fr=0.048613
  [2758/3000] lr=fr=0.014195
  [2806/3000] lr=fr=0.099433
  [2429/3000] lr=fr=0.031336
  [2674/3000] lr=fr=0.077555
  [2393/3000] lr=fr=0.016296
  [2591/3000] lr=fr=0.085148
  [2411/3000] lr=fr=0.091165
  [2722/3000] lr=fr=0.054926
  [2788/3000] lr=fr=0.091094
  [2770/3000] lr=fr=0.077595
  [2453/3000] lr=fr=0.058602
  [2639/3000] lr=fr=0.070972
  [2812/3000] lr=fr=0.025385
  [2423/3000] lr=fr=0.080790
  [2495/3000] lr=fr=0.075626
  [2800/3000] lr=fr=0.047939
  [2339/3000] lr=fr=0.042578
  [2375/3000] lr=fr=0.015531
  [2465/3000] lr=fr=0.004893
  [2884/3000] lr=fr=0.091957
  [2525/3000] lr=fr=0.052511
  [2597/3000] lr=fr=0.046796
  [2956/3000] lr=fr=0.060177
  [2531/3000] lr=fr=0.014888
  [2854/3000] lr=fr=0.028560
  [2399/3000] lr=fr=0.070588
  [2363/3000] lr=fr=0.078818
  [2447/3000] lr=fr=0.076546
  [2369/3000] lr=fr=0.040040
  [2651/3000] lr=fr=0.091314
  [2441/3000] lr=fr=0.087210
  [2741/3000] lr=fr=0.004394
  [2860/3000] lr=fr=0.038239
  [2687/3000] lr=fr=0.096940
  [2322/3000] lr=fr=0.021717
  [2783/3000] lr=fr=0.010322
  [2351/3000] lr=fr=0.011284
  [2717/3000] lr=fr=0.087565
  [2657/3000] lr=fr=0.063214
  [2310/3000] lr=fr=0.038142
  [2489/3000] lr=fr=0.038420
  [2836/3000] lr=fr=0.004286
  [2483/3000] lr=fr=0.011873
  [2824/3000] lr=fr=0.045947
  [2561/3000] lr=fr=0.043066
  [2585/3000] lr=fr=0.031930
  [2471/3000] lr=fr=0.098675
  [2765/3000] lr=fr=0.002074
  [2932/3000] lr=fr=0.071636
  [2920/3000] lr=fr=0.000098
  [2777/3000] lr=fr=0.098248
  [2417/3000] lr=fr=0.047679
  [2645/3000] lr=fr=0.068892
  [2849/3000] lr=fr=0.039044
  [2435/3000] lr=fr=0.021360
  [2609/3000] lr=fr=0.023717
  [2872/3000] lr=fr=0.017578
  [2555/3000] lr=fr=0.094937
  [2938/3000] lr=fr=0.004013
  [2669/3000] lr=fr=0.062140
  [2357/3000] lr=fr=0.010460
  [2711/3000] lr=fr=0.005377
  [2621/3000] lr=fr=0.088033
  [2902/3000] lr=fr=0.053685
  [2950/3000] lr=fr=0.027304
  [2406/3000] lr=fr=0.084947
  [2896/3000] lr=fr=0.058567
  [2693/3000] lr=fr=0.095020
  [2866/3000] lr=fr=0.058250
  [2908/3000] lr=fr=0.005050
  [2705/3000] lr=fr=0.026641
  [2753/3000] lr=fr=0.041100
  [2735/3000] lr=fr=0.038829
  [2387/3000] lr=fr=0.003459
  [2615/3000] lr=fr=0.009993
  [2914/3000] lr=fr=0.024287
  [2819/3000] lr=fr=0.053473
  [2663/3000] lr=fr=0.019022
  [2944/3000] lr=fr=0.062299
  [2891/3000] lr=fr=0.002025
  [2843/3000] lr=fr=0.058518
  [2537/3000] lr=fr=0.021279
  [2477/3000] lr=fr=0.098603
  [2507/3000] lr=fr=0.044140
  [2543/3000] lr=fr=0.022584
  [2878/3000] lr=fr=0.083725
  [2633/3000] lr=fr=0.016929
  [2549/3000] lr=fr=0.054743
  [2519/3000] lr=fr=0.092638
  [2980/3000] lr=fr=0.085232
  [2926/3000] lr=fr=0.095399
  [2382/3000] lr=fr=0.028360
  [2501/3000] lr=fr=0.008595
  [2573/3000] lr=fr=0.042444
  [2986/3000] lr=fr=0.009326
  [2627/3000] lr=fr=0.049107
  [2459/3000] lr=fr=0.014409
  [2681/3000] lr=fr=0.024993
  [2729/3000] lr=fr=0.080676
  [2747/3000] lr=fr=0.038395
  [2580/3000] lr=fr=0.049449
  [2567/3000] lr=fr=0.067829
  [2592/3000] lr=fr=0.077362
  [2640/3000] lr=fr=0.048140
  [2394/3000] lr=fr=0.084131
  [2603/3000] lr=fr=0.006413
  [2430/3000] lr=fr=0.031741
  [2831/3000] lr=fr=0.081292
  [2454/3000] lr=fr=0.053165
  [2807/3000] lr=fr=0.021766
  [2328/3000] lr=fr=0.082003
  [2795/3000] lr=fr=0.084935
  [2346/3000] lr=fr=0.087699
  [2699/3000] lr=fr=0.063079
  [2496/3000] lr=fr=0.033754
  [2334/3000] lr=fr=0.066092
  [2412/3000] lr=fr=0.065698
  [2974/3000] lr=fr=0.084782
  [2962/3000] lr=fr=0.050427
  [2316/3000] lr=fr=0.087598
  [2968/3000] lr=fr=0.030597
  [2513/3000] lr=fr=0.043116
  [2424/3000] lr=fr=0.015445
  [2759/3000] lr=fr=0.026233
  [2992/3000] lr=fr=0.068091
  [2998/3000] lr=fr=0.016786
  [2675/3000] lr=fr=0.004627
  [2598/3000] lr=fr=0.017740
  [2526/3000] lr=fr=0.022821
  [2957/3000] lr=fr=0.052800
  [2789/3000] lr=fr=0.090637
  [2813/3000] lr=fr=0.040100
  [2364/3000] lr=fr=0.015986
  [2532/3000] lr=fr=0.045373
  [2784/3000] lr=fr=0.052314
  [2466/3000] lr=fr=0.051941
  [2723/3000] lr=fr=0.086276
  [2376/3000] lr=fr=0.018756
  [2771/3000] lr=fr=0.083214
  [2718/3000] lr=fr=0.046187
  [2801/3000] lr=fr=0.032485
  [2658/3000] lr=fr=0.060867
  [2340/3000] lr=fr=0.053470
  [2885/3000] lr=fr=0.021176
  [2688/3000] lr=fr=0.072223
  [2448/3000] lr=fr=0.046490
  [2652/3000] lr=fr=0.063419
  [2778/3000] lr=fr=0.069517
  [2646/3000] lr=fr=0.055659
  [2400/3000] lr=fr=0.051007
  [2442/3000] lr=fr=0.000131
  [2556/3000] lr=fr=0.008499
  [2742/3000] lr=fr=0.090151
  [2766/3000] lr=fr=0.060720
  [2670/3000] lr=fr=0.033153
  [2850/3000] lr=fr=0.072006
  [2694/3000] lr=fr=0.059746
  [2754/3000] lr=fr=0.094923
  [2472/3000] lr=fr=0.069712
  [2622/3000] lr=fr=0.018705
  [2712/3000] lr=fr=0.046575
  [2562/3000] lr=fr=0.022133
  [2855/3000] lr=fr=0.090322
  [2861/3000] lr=fr=0.094577
  [2844/3000] lr=fr=0.072097
  [2370/3000] lr=fr=0.071552
  [2490/3000] lr=fr=0.090063
  [2820/3000] lr=fr=0.097127
  [2634/3000] lr=fr=0.052564
  [2706/3000] lr=fr=0.059094
  [2484/3000] lr=fr=0.006959
  [2352/3000] lr=fr=0.053994
  [2586/3000] lr=fr=0.054014
  [2736/3000] lr=fr=0.082055
  [2933/3000] lr=fr=0.088538
  [2892/3000] lr=fr=0.076189
  [2921/3000] lr=fr=0.071774
  [2610/3000] lr=fr=0.059498
  [2951/3000] lr=fr=0.097354
  [2436/3000] lr=fr=0.067224
  [2903/3000] lr=fr=0.071705
  [2837/3000] lr=fr=0.012179
  [2981/3000] lr=fr=0.032450
  [2939/3000] lr=fr=0.015605
  [2418/3000] lr=fr=0.018080
  [2909/3000] lr=fr=0.053574
  [2358/3000] lr=fr=0.049917
  [2825/3000] lr=fr=0.002320
  [2873/3000] lr=fr=0.043077
  [2664/3000] lr=fr=0.001951
  [2616/3000] lr=fr=0.055382
  [2388/3000] lr=fr=0.027252
  [2478/3000] lr=fr=0.074867
  [2915/3000] lr=fr=0.041532
  [2808/3000] lr=fr=0.041010
  [2927/3000] lr=fr=0.020834
  [2897/3000] lr=fr=0.095625
  [2502/3000] lr=fr=0.086037
  [2508/3000] lr=fr=0.034828
  [2538/3000] lr=fr=0.007813
  [2544/3000] lr=fr=0.081625
  [2574/3000] lr=fr=0.067660
  [2550/3000] lr=fr=0.025507
  [2730/3000] lr=fr=0.024682
  [2867/3000] lr=fr=0.082297
  [2748/3000] lr=fr=0.076595
  [2879/3000] lr=fr=0.034275
  [2945/3000] lr=fr=0.031539
  [2987/3000] lr=fr=0.048604
  [2832/3000] lr=fr=0.019638
  [2628/3000] lr=fr=0.010692
  [2520/3000] lr=fr=0.047464
  [2460/3000] lr=fr=0.003622
  [2790/3000] lr=fr=0.087442
  [2682/3000] lr=fr=0.044353
  [2604/3000] lr=fr=0.070006
  [2958/3000] lr=fr=0.056302
  [2568/3000] lr=fr=0.072943
  [2514/3000] lr=fr=0.095237
  [2969/3000] lr=fr=0.090186
  [2760/3000] lr=fr=0.056028
  [2796/3000] lr=fr=0.036840
  [2993/3000] lr=fr=0.087499
  [2676/3000] lr=fr=0.016323
  [2700/3000] lr=fr=0.070766
  [2975/3000] lr=fr=0.042508
  [2963/3000] lr=fr=0.023598
  [2999/3000] lr=fr=0.039577
  [2814/3000] lr=fr=0.005572
  [2772/3000] lr=fr=0.083263
  [2724/3000] lr=fr=0.094043
  [2862/3000] lr=fr=0.078555
  [2802/3000] lr=fr=0.048931
  [2886/3000] lr=fr=0.018321
  [2856/3000] lr=fr=0.028195
  [2934/3000] lr=fr=0.080878
  [2922/3000] lr=fr=0.049587
  [2904/3000] lr=fr=0.066284
  [2982/3000] lr=fr=0.005578
  [2952/3000] lr=fr=0.073645
  [2874/3000] lr=fr=0.060998
  [2940/3000] lr=fr=0.024274
  [2838/3000] lr=fr=0.002262
  [2910/3000] lr=fr=0.047427
  [2928/3000] lr=fr=0.048288
  [2868/3000] lr=fr=0.077960
  [2916/3000] lr=fr=0.008241
  [2826/3000] lr=fr=0.037005
  [2898/3000] lr=fr=0.019833
  [2880/3000] lr=fr=0.036144
  [2988/3000] lr=fr=0.019172
  [2946/3000] lr=fr=0.020751
  [2970/3000] lr=fr=0.064696
  [3000/3000] lr=fr=0.014832
  [2994/3000] lr=fr=0.055956
  [2976/3000] lr=fr=0.017285
  [2964/3000] lr=fr=0.001877
[2026-01-27T19:32:00.017] error: *** JOB 18777863 ON tcn98 CANCELLED AT 2026-01-27T19:32:00 DUE TO TIME LIMIT ***
